[ 2013-05-21T16:17:31+08:00 ] 192.168.11.101 /home/
INFO: [ app_begin ] --START--
INFO: Run CheckLang Behavior [ RunTime:0.001824s ]
INFO: [ app_begin ] --END-- [ RunTime:0.001980s ]
INFO: [ view_template ] --START--
INFO: Run LocationTemplate Behavior [ RunTime:0.001965s ]
INFO: [ view_template ] --END-- [ RunTime:0.002099s ]
INFO: [ view_parse ] --START--
NOTIC: [8] Undefined variable: username D:\wamp\www\home\Runtime\Cache\2f4fe97b6cc0c77ca24b7f0c1b4979be.php 第 27 行.
NOTIC: [8] Undefined variable: pwd D:\wamp\www\home\Runtime\Cache\2f4fe97b6cc0c77ca24b7f0c1b4979be.php 第 35 行.
NOTIC: [8] Undefined variable: error D:\wamp\www\home\Runtime\Cache\2f4fe97b6cc0c77ca24b7f0c1b4979be.php 第 60 行.
INFO: Run ParseTemplate Behavior [ RunTime:0.027394s ]
INFO: [ view_parse ] --END-- [ RunTime:0.027535s ]
INFO: [ view_filter ] --START--
INFO: Run ContentReplace Behavior [ RunTime:0.001164s ]
INFO: Run TokenBuild Behavior [ RunTime:0.000842s ]
INFO: Run WriteHtmlCache Behavior [ RunTime:0.000665s ]
INFO: Run ShowRuntime Behavior [ RunTime:0.000822s ]
INFO: [ view_filter ] --END-- [ RunTime:0.003723s ]
INFO: [ view_end ] --START--
INFO: Run ShowPageTrace Behavior [ RunTime:0.000941s ]
INFO: [ view_end ] --END-- [ RunTime:0.001014s ]

[ 2013-05-21T16:18:13+08:00 ] 192.168.11.101 /home/
INFO: [ app_begin ] --START--
INFO: Run CheckLang Behavior [ RunTime:0.001263s ]
INFO: [ app_begin ] --END-- [ RunTime:0.001372s ]
INFO: [ view_template ] --START--
INFO: Run LocationTemplate Behavior [ RunTime:0.001453s ]
INFO: [ view_template ] --END-- [ RunTime:0.001550s ]
INFO: [ view_parse ] --START--
NOTIC: [8] Undefined variable: username D:\wamp\www\home\Runtime\Cache\2f4fe97b6cc0c77ca24b7f0c1b4979be.php 第 27 行.
NOTIC: [8] Undefined variable: pwd D:\wamp\www\home\Runtime\Cache\2f4fe97b6cc0c77ca24b7f0c1b4979be.php 第 35 行.
NOTIC: [8] Undefined variable: error D:\wamp\www\home\Runtime\Cache\2f4fe97b6cc0c77ca24b7f0c1b4979be.php 第 60 行.
INFO: Run ParseTemplate Behavior [ RunTime:0.017450s ]
INFO: [ view_parse ] --END-- [ RunTime:0.017532s ]
INFO: [ view_filter ] --START--
INFO: Run ContentReplace Behavior [ RunTime:0.000778s ]
INFO: Run TokenBuild Behavior [ RunTime:0.000743s ]
INFO: Run WriteHtmlCache Behavior [ RunTime:0.000640s ]
INFO: Run ShowRuntime Behavior [ RunTime:0.000809s ]
INFO: [ view_filter ] --END-- [ RunTime:0.003138s ]
INFO: [ view_end ] --START--
INFO: Run ShowPageTrace Behavior [ RunTime:0.000938s ]
INFO: [ view_end ] --END-- [ RunTime:0.000998s ]

[ 2013-05-21T16:18:26+08:00 ] 192.168.11.101 /home/
INFO: [ app_begin ] --START--
INFO: Run CheckLang Behavior [ RunTime:0.001787s ]
INFO: [ app_begin ] --END-- [ RunTime:0.001926s ]
INFO: [ view_template ] --START--
INFO: Run LocationTemplate Behavior [ RunTime:0.002038s ]
INFO: [ view_template ] --END-- [ RunTime:0.002178s ]
INFO: [ view_parse ] --START--
NOTIC: [8] Undefined variable: username D:\wamp\www\home\Runtime\Cache\2f4fe97b6cc0c77ca24b7f0c1b4979be.php 第 27 行.
NOTIC: [8] Undefined variable: pwd D:\wamp\www\home\Runtime\Cache\2f4fe97b6cc0c77ca24b7f0c1b4979be.php 第 35 行.
NOTIC: [8] Undefined variable: error D:\wamp\www\home\Runtime\Cache\2f4fe97b6cc0c77ca24b7f0c1b4979be.php 第 60 行.
INFO: Run ParseTemplate Behavior [ RunTime:0.014785s ]
INFO: [ view_parse ] --END-- [ RunTime:0.014893s ]
INFO: [ view_filter ] --START--
INFO: Run ContentReplace Behavior [ RunTime:0.000813s ]
INFO: Run TokenBuild Behavior [ RunTime:0.000748s ]
INFO: Run WriteHtmlCache Behavior [ RunTime:0.000665s ]
INFO: Run ShowRuntime Behavior [ RunTime:0.000849s ]
INFO: [ view_filter ] --END-- [ RunTime:0.003247s ]
INFO: [ view_end ] --START--
INFO: Run ShowPageTrace Behavior [ RunTime:0.000985s ]
INFO: [ view_end ] --END-- [ RunTime:0.001052s ]

[ 2013-05-21T16:18:28+08:00 ] 192.168.11.101 /home/
INFO: [ app_begin ] --START--
INFO: Run CheckLang Behavior [ RunTime:0.001049s ]
INFO: [ app_begin ] --END-- [ RunTime:0.001139s ]
INFO: [ view_template ] --START--
INFO: Run LocationTemplate Behavior [ RunTime:0.001205s ]
INFO: [ view_template ] --END-- [ RunTime:0.001293s ]
INFO: [ view_parse ] --START--
NOTIC: [8] Undefined variable: username D:\wamp\www\home\Runtime\Cache\2f4fe97b6cc0c77ca24b7f0c1b4979be.php 第 27 行.
NOTIC: [8] Undefined variable: pwd D:\wamp\www\home\Runtime\Cache\2f4fe97b6cc0c77ca24b7f0c1b4979be.php 第 35 行.
NOTIC: [8] Undefined variable: error D:\wamp\www\home\Runtime\Cache\2f4fe97b6cc0c77ca24b7f0c1b4979be.php 第 60 行.
INFO: Run ParseTemplate Behavior [ RunTime:0.014486s ]
INFO: [ view_parse ] --END-- [ RunTime:0.014564s ]
INFO: [ view_filter ] --START--
INFO: Run ContentReplace Behavior [ RunTime:0.000784s ]
INFO: Run TokenBuild Behavior [ RunTime:0.000814s ]
INFO: Run WriteHtmlCache Behavior [ RunTime:0.000675s ]
INFO: Run ShowRuntime Behavior [ RunTime:0.000828s ]
INFO: [ view_filter ] --END-- [ RunTime:0.003280s ]
INFO: [ view_end ] --START--
INFO: Run ShowPageTrace Behavior [ RunTime:0.000970s ]
INFO: [ view_end ] --END-- [ RunTime:0.001032s ]

[ 2013-05-21T16:18:32+08:00 ] 192.168.11.101 /home/
INFO: [ app_begin ] --START--
INFO: Run CheckLang Behavior [ RunTime:0.001186s ]
INFO: [ app_begin ] --END-- [ RunTime:0.001341s ]
INFO: [ view_template ] --START--
INFO: Run LocationTemplate Behavior [ RunTime:0.000583s ]
INFO: [ view_template ] --END-- [ RunTime:0.000707s ]
INFO: [ view_parse ] --START--
NOTIC: [8] Undefined variable: username D:\wamp\www\home\Runtime\Cache\2f4fe97b6cc0c77ca24b7f0c1b4979be.php 第 27 行.
NOTIC: [8] Undefined variable: pwd D:\wamp\www\home\Runtime\Cache\2f4fe97b6cc0c77ca24b7f0c1b4979be.php 第 35 行.
NOTIC: [8] Undefined variable: error D:\wamp\www\home\Runtime\Cache\2f4fe97b6cc0c77ca24b7f0c1b4979be.php 第 60 行.
INFO: Run ParseTemplate Behavior [ RunTime:0.013621s ]
INFO: [ view_parse ] --END-- [ RunTime:0.013758s ]
INFO: [ view_filter ] --START--
INFO: Run ContentReplace Behavior [ RunTime:0.000617s ]
INFO: Run TokenBuild Behavior [ RunTime:0.000615s ]
INFO: Run WriteHtmlCache Behavior [ RunTime:0.000413s ]
INFO: Run ShowRuntime Behavior [ RunTime:0.000543s ]
INFO: [ view_filter ] --END-- [ RunTime:0.002471s ]
INFO: [ view_end ] --START--
INFO: Run ShowPageTrace Behavior [ RunTime:0.000536s ]
INFO: [ view_end ] --END-- [ RunTime:0.000595s ]

[ 2013-05-21T16:19:43+08:00 ] 192.168.11.101 /home/
INFO: [ app_begin ] --START--
INFO: Run CheckLang Behavior [ RunTime:0.001579s ]
INFO: [ app_begin ] --END-- [ RunTime:0.001712s ]
INFO: [ view_template ] --START--
INFO: Run LocationTemplate Behavior [ RunTime:0.001720s ]
INFO: [ view_template ] --END-- [ RunTime:0.001830s ]
INFO: [ view_parse ] --START--
NOTIC: [8] Undefined variable: username D:\wamp\www\home\Runtime\Cache\2f4fe97b6cc0c77ca24b7f0c1b4979be.php 第 27 行.
NOTIC: [8] Undefined variable: pwd D:\wamp\www\home\Runtime\Cache\2f4fe97b6cc0c77ca24b7f0c1b4979be.php 第 35 行.
NOTIC: [8] Undefined variable: error D:\wamp\www\home\Runtime\Cache\2f4fe97b6cc0c77ca24b7f0c1b4979be.php 第 60 行.
INFO: Run ParseTemplate Behavior [ RunTime:0.011897s ]
INFO: [ view_parse ] --END-- [ RunTime:0.011987s ]
INFO: [ view_filter ] --START--
INFO: Run ContentReplace Behavior [ RunTime:0.000775s ]
INFO: Run TokenBuild Behavior [ RunTime:0.000769s ]
INFO: Run WriteHtmlCache Behavior [ RunTime:0.000663s ]
INFO: Run ShowRuntime Behavior [ RunTime:0.000850s ]
INFO: [ view_filter ] --END-- [ RunTime:0.003233s ]
INFO: [ view_end ] --START--
INFO: Run ShowPageTrace Behavior [ RunTime:0.000949s ]
INFO: [ view_end ] --END-- [ RunTime:0.001011s ]

[ 2013-05-21T16:22:43+08:00 ] 192.168.11.101 /home/
INFO: [ app_begin ] --START--
INFO: Run CheckLang Behavior [ RunTime:0.001356s ]
INFO: [ app_begin ] --END-- [ RunTime:0.001477s ]
INFO: [ view_template ] --START--
INFO: Run LocationTemplate Behavior [ RunTime:0.001400s ]
INFO: [ view_template ] --END-- [ RunTime:0.001491s ]
INFO: [ view_parse ] --START--
NOTIC: [8] Undefined variable: username D:\wamp\www\home\Runtime\Cache\2f4fe97b6cc0c77ca24b7f0c1b4979be.php 第 27 行.
NOTIC: [8] Undefined variable: pwd D:\wamp\www\home\Runtime\Cache\2f4fe97b6cc0c77ca24b7f0c1b4979be.php 第 35 行.
NOTIC: [8] Undefined variable: error D:\wamp\www\home\Runtime\Cache\2f4fe97b6cc0c77ca24b7f0c1b4979be.php 第 60 行.
INFO: Run ParseTemplate Behavior [ RunTime:0.011538s ]
INFO: [ view_parse ] --END-- [ RunTime:0.011632s ]
INFO: [ view_filter ] --START--
INFO: Run ContentReplace Behavior [ RunTime:0.001033s ]
INFO: Run TokenBuild Behavior [ RunTime:0.001025s ]
INFO: Run WriteHtmlCache Behavior [ RunTime:0.000840s ]
INFO: Run ShowRuntime Behavior [ RunTime:0.001019s ]
INFO: [ view_filter ] --END-- [ RunTime:0.004145s ]
INFO: [ view_end ] --START--
INFO: Run ShowPageTrace Behavior [ RunTime:0.001009s ]
INFO: [ view_end ] --END-- [ RunTime:0.001077s ]

[ 2013-05-21T16:22:45+08:00 ] 192.168.11.101 /home/
INFO: [ app_begin ] --START--
INFO: Run CheckLang Behavior [ RunTime:0.001769s ]
INFO: [ app_begin ] --END-- [ RunTime:0.001905s ]
INFO: [ view_template ] --START--
INFO: Run LocationTemplate Behavior [ RunTime:0.001848s ]
INFO: [ view_template ] --END-- [ RunTime:0.001965s ]
INFO: [ view_parse ] --START--
NOTIC: [8] Undefined variable: username D:\wamp\www\home\Runtime\Cache\2f4fe97b6cc0c77ca24b7f0c1b4979be.php 第 27 行.
NOTIC: [8] Undefined variable: pwd D:\wamp\www\home\Runtime\Cache\2f4fe97b6cc0c77ca24b7f0c1b4979be.php 第 35 行.
NOTIC: [8] Undefined variable: error D:\wamp\www\home\Runtime\Cache\2f4fe97b6cc0c77ca24b7f0c1b4979be.php 第 60 行.
INFO: Run ParseTemplate Behavior [ RunTime:0.021862s ]
INFO: [ view_parse ] --END-- [ RunTime:0.021976s ]
INFO: [ view_filter ] --START--
INFO: Run ContentReplace Behavior [ RunTime:0.001165s ]
INFO: Run TokenBuild Behavior [ RunTime:0.001165s ]
INFO: Run WriteHtmlCache Behavior [ RunTime:0.000998s ]
INFO: Run ShowRuntime Behavior [ RunTime:0.001270s ]
INFO: [ view_filter ] --END-- [ RunTime:0.004864s ]
INFO: [ view_end ] --START--
INFO: Run ShowPageTrace Behavior [ RunTime:0.001456s ]
INFO: [ view_end ] --END-- [ RunTime:0.001552s ]

[ 2013-05-21T16:25:16+08:00 ] 192.168.11.101 /home/
INFO: [ app_begin ] --START--
INFO: Run CheckLang Behavior [ RunTime:0.001043s ]
INFO: [ app_begin ] --END-- [ RunTime:0.001136s ]
NOTIC: [8] Use of undefined constant __PUBLIC__ - assumed '__PUBLIC__' D:\wamp\www\home\Lib\Action\IndexAction.class.php 第 23 行.
INFO: [ view_template ] --START--
INFO: Run LocationTemplate Behavior [ RunTime:0.001162s ]
INFO: [ view_template ] --END-- [ RunTime:0.001232s ]
INFO: [ view_parse ] --START--
NOTIC: [8] Undefined variable: username D:\wamp\www\home\Runtime\Cache\2f4fe97b6cc0c77ca24b7f0c1b4979be.php 第 27 行.
NOTIC: [8] Undefined variable: pwd D:\wamp\www\home\Runtime\Cache\2f4fe97b6cc0c77ca24b7f0c1b4979be.php 第 35 行.
NOTIC: [8] Undefined variable: error D:\wamp\www\home\Runtime\Cache\2f4fe97b6cc0c77ca24b7f0c1b4979be.php 第 60 行.
INFO: Run ParseTemplate Behavior [ RunTime:0.015195s ]
INFO: [ view_parse ] --END-- [ RunTime:0.015273s ]
INFO: [ view_filter ] --START--
INFO: Run ContentReplace Behavior [ RunTime:0.000781s ]
INFO: Run TokenBuild Behavior [ RunTime:0.000750s ]
INFO: Run WriteHtmlCache Behavior [ RunTime:0.000661s ]
INFO: Run ShowRuntime Behavior [ RunTime:0.000841s ]
INFO: [ view_filter ] --END-- [ RunTime:0.003215s ]
INFO: [ view_end ] --START--
INFO: Run ShowPageTrace Behavior [ RunTime:0.000952s ]
INFO: [ view_end ] --END-- [ RunTime:0.001013s ]

[ 2013-05-21T16:25:48+08:00 ] 192.168.11.101 /home/
INFO: [ app_begin ] --START--
INFO: Run CheckLang Behavior [ RunTime:0.002112s ]
INFO: [ app_begin ] --END-- [ RunTime:0.002281s ]
NOTIC: [8] Use of undefined constant __PUBLIC__ - assumed '__PUBLIC__' D:\wamp\www\home\Lib\Action\IndexAction.class.php 第 23 行.
INFO: [ view_template ] --START--
INFO: Run LocationTemplate Behavior [ RunTime:0.001752s ]
INFO: [ view_template ] --END-- [ RunTime:0.001846s ]
INFO: [ view_parse ] --START--
NOTIC: [8] Undefined variable: username D:\wamp\www\home\Runtime\Cache\0c598770bfb696d1df4b4ba392a13265.php 第 27 行.
NOTIC: [8] Undefined variable: pwd D:\wamp\www\home\Runtime\Cache\0c598770bfb696d1df4b4ba392a13265.php 第 35 行.
NOTIC: [8] Undefined variable: error D:\wamp\www\home\Runtime\Cache\0c598770bfb696d1df4b4ba392a13265.php 第 60 行.
INFO: Run ParseTemplate Behavior [ RunTime:0.010212s ]
INFO: [ view_parse ] --END-- [ RunTime:0.010298s ]
INFO: [ view_filter ] --START--
INFO: Run ContentReplace Behavior [ RunTime:0.000873s ]
INFO: Run TokenBuild Behavior [ RunTime:0.000763s ]
INFO: Run WriteHtmlCache Behavior [ RunTime:0.000671s ]
INFO: Run ShowRuntime Behavior [ RunTime:0.000853s ]
INFO: [ view_filter ] --END-- [ RunTime:0.003341s ]
INFO: [ view_end ] --START--
INFO: Run ShowPageTrace Behavior [ RunTime:0.000953s ]
INFO: [ view_end ] --END-- [ RunTime:0.001014s ]

[ 2013-05-21T16:25:50+08:00 ] 192.168.11.101 /home/
INFO: [ app_begin ] --START--
INFO: Run CheckLang Behavior [ RunTime:0.001451s ]
INFO: [ app_begin ] --END-- [ RunTime:0.001594s ]
NOTIC: [8] Use of undefined constant __PUBLIC__ - assumed '__PUBLIC__' D:\wamp\www\home\Lib\Action\IndexAction.class.php 第 23 行.
INFO: [ view_template ] --START--
INFO: Run LocationTemplate Behavior [ RunTime:0.001627s ]
INFO: [ view_template ] --END-- [ RunTime:0.001740s ]
INFO: [ view_parse ] --START--
NOTIC: [8] Undefined variable: username D:\wamp\www\home\Runtime\Cache\0c598770bfb696d1df4b4ba392a13265.php 第 27 行.
NOTIC: [8] Undefined variable: pwd D:\wamp\www\home\Runtime\Cache\0c598770bfb696d1df4b4ba392a13265.php 第 35 行.
NOTIC: [8] Undefined variable: error D:\wamp\www\home\Runtime\Cache\0c598770bfb696d1df4b4ba392a13265.php 第 60 行.
INFO: Run ParseTemplate Behavior [ RunTime:0.011616s ]
INFO: [ view_parse ] --END-- [ RunTime:0.011726s ]
INFO: [ view_filter ] --START--
INFO: Run ContentReplace Behavior [ RunTime:0.000954s ]
INFO: Run TokenBuild Behavior [ RunTime:0.000918s ]
INFO: Run WriteHtmlCache Behavior [ RunTime:0.000794s ]
INFO: Run ShowRuntime Behavior [ RunTime:0.001014s ]
INFO: [ view_filter ] --END-- [ RunTime:0.003889s ]
INFO: [ view_end ] --START--
INFO: Run ShowPageTrace Behavior [ RunTime:0.001088s ]
INFO: [ view_end ] --END-- [ RunTime:0.001155s ]

[ 2013-05-21T16:25:55+08:00 ] 192.168.11.101 /home/
INFO: [ app_begin ] --START--
INFO: Run CheckLang Behavior [ RunTime:0.000924s ]
INFO: [ app_begin ] --END-- [ RunTime:0.001052s ]
NOTIC: [8] Use of undefined constant __PUBLIC__ - assumed '__PUBLIC__' D:\wamp\www\home\Lib\Action\IndexAction.class.php 第 23 行.
INFO: [ view_template ] --START--
INFO: Run LocationTemplate Behavior [ RunTime:0.000830s ]
INFO: [ view_template ] --END-- [ RunTime:0.000930s ]
INFO: [ view_parse ] --START--
NOTIC: [8] Undefined variable: username D:\wamp\www\home\Runtime\Cache\0c598770bfb696d1df4b4ba392a13265.php 第 27 行.
NOTIC: [8] Undefined variable: pwd D:\wamp\www\home\Runtime\Cache\0c598770bfb696d1df4b4ba392a13265.php 第 35 行.
NOTIC: [8] Undefined variable: error D:\wamp\www\home\Runtime\Cache\0c598770bfb696d1df4b4ba392a13265.php 第 60 行.
INFO: Run ParseTemplate Behavior [ RunTime:0.011337s ]
INFO: [ view_parse ] --END-- [ RunTime:0.011447s ]
INFO: [ view_filter ] --START--
INFO: Run ContentReplace Behavior [ RunTime:0.000480s ]
INFO: Run TokenBuild Behavior [ RunTime:0.000475s ]
INFO: Run WriteHtmlCache Behavior [ RunTime:0.000321s ]
INFO: Run ShowRuntime Behavior [ RunTime:0.000603s ]
INFO: [ view_filter ] --END-- [ RunTime:0.002140s ]
INFO: [ view_end ] --START--
INFO: Run ShowPageTrace Behavior [ RunTime:0.000776s ]
INFO: [ view_end ] --END-- [ RunTime:0.000870s ]

[ 2013-05-21T16:25:55+08:00 ] ERR: (ThinkException) 无法加载模块:Login
[ 2013-05-21T16:26:06+08:00 ] 192.168.11.101 /home/
INFO: [ app_begin ] --START--
INFO: Run CheckLang Behavior [ RunTime:0.001303s ]
INFO: [ app_begin ] --END-- [ RunTime:0.001478s ]
NOTIC: [8] Use of undefined constant __PUBLIC__ - assumed '__PUBLIC__' D:\wamp\www\home\Lib\Action\IndexAction.class.php 第 23 行.
INFO: [ view_template ] --START--
INFO: Run LocationTemplate Behavior [ RunTime:0.001175s ]
INFO: [ view_template ] --END-- [ RunTime:0.001320s ]
INFO: [ view_parse ] --START--
NOTIC: [8] Undefined variable: username D:\wamp\www\home\Runtime\Cache\f12c0a77906a0f355c95666536d66c0f.php 第 27 行.
NOTIC: [8] Undefined variable: pwd D:\wamp\www\home\Runtime\Cache\f12c0a77906a0f355c95666536d66c0f.php 第 35 行.
NOTIC: [8] Undefined variable: error D:\wamp\www\home\Runtime\Cache\f12c0a77906a0f355c95666536d66c0f.php 第 60 行.
INFO: Run ParseTemplate Behavior [ RunTime:0.016157s ]
INFO: [ view_parse ] --END-- [ RunTime:0.016267s ]
INFO: [ view_filter ] --START--
INFO: Run ContentReplace Behavior [ RunTime:0.000330s ]
INFO: Run TokenBuild Behavior [ RunTime:0.000325s ]
INFO: Run WriteHtmlCache Behavior [ RunTime:0.000219s ]
INFO: Run ShowRuntime Behavior [ RunTime:0.000456s ]
INFO: [ view_filter ] --END-- [ RunTime:0.001501s ]
INFO: [ view_end ] --START--
INFO: Run ShowPageTrace Behavior [ RunTime:0.000504s ]
INFO: [ view_end ] --END-- [ RunTime:0.000564s ]

[ 2013-05-21T16:26:07+08:00 ] 192.168.11.101 /home/
INFO: [ app_begin ] --START--
INFO: Run CheckLang Behavior [ RunTime:0.001335s ]
INFO: [ app_begin ] --END-- [ RunTime:0.001447s ]
NOTIC: [8] Use of undefined constant __PUBLIC__ - assumed '__PUBLIC__' D:\wamp\www\home\Lib\Action\IndexAction.class.php 第 23 行.
INFO: [ view_template ] --START--
INFO: Run LocationTemplate Behavior [ RunTime:0.001377s ]
INFO: [ view_template ] --END-- [ RunTime:0.001457s ]
INFO: [ view_parse ] --START--
NOTIC: [8] Undefined variable: username D:\wamp\www\home\Runtime\Cache\f12c0a77906a0f355c95666536d66c0f.php 第 27 行.
NOTIC: [8] Undefined variable: pwd D:\wamp\www\home\Runtime\Cache\f12c0a77906a0f355c95666536d66c0f.php 第 35 行.
NOTIC: [8] Undefined variable: error D:\wamp\www\home\Runtime\Cache\f12c0a77906a0f355c95666536d66c0f.php 第 60 行.
INFO: Run ParseTemplate Behavior [ RunTime:0.011789s ]
INFO: [ view_parse ] --END-- [ RunTime:0.011881s ]
INFO: [ view_filter ] --START--
INFO: Run ContentReplace Behavior [ RunTime:0.000933s ]
INFO: Run TokenBuild Behavior [ RunTime:0.000909s ]
INFO: Run WriteHtmlCache Behavior [ RunTime:0.000792s ]
INFO: Run ShowRuntime Behavior [ RunTime:0.001012s ]
INFO: [ view_filter ] --END-- [ RunTime:0.003855s ]
INFO: [ view_end ] --START--
INFO: Run ShowPageTrace Behavior [ RunTime:0.001145s ]
INFO: [ view_end ] --END-- [ RunTime:0.001221s ]

[ 2013-05-21T16:27:06+08:00 ] 192.168.11.101 /home/
INFO: [ app_begin ] --START--
INFO: Run CheckLang Behavior [ RunTime:0.000613s ]
INFO: [ app_begin ] --END-- [ RunTime:0.000701s ]
NOTIC: [8] Use of undefined constant __PUBLIC__ - assumed '__PUBLIC__' D:\wamp\www\home\Lib\Action\IndexAction.class.php 第 23 行.
INFO: [ view_template ] --START--
INFO: Run LocationTemplate Behavior [ RunTime:0.000560s ]
INFO: [ view_template ] --END-- [ RunTime:0.000626s ]
INFO: [ view_parse ] --START--
NOTIC: [8] Undefined variable: username D:\wamp\www\home\Runtime\Cache\2f4fe97b6cc0c77ca24b7f0c1b4979be.php 第 27 行.
NOTIC: [8] Undefined variable: pwd D:\wamp\www\home\Runtime\Cache\2f4fe97b6cc0c77ca24b7f0c1b4979be.php 第 35 行.
NOTIC: [8] Undefined variable: error D:\wamp\www\home\Runtime\Cache\2f4fe97b6cc0c77ca24b7f0c1b4979be.php 第 60 行.
INFO: Run ParseTemplate Behavior [ RunTime:0.007855s ]
INFO: [ view_parse ] --END-- [ RunTime:0.007934s ]
INFO: [ view_filter ] --START--
INFO: Run ContentReplace Behavior [ RunTime:0.000335s ]
INFO: Run TokenBuild Behavior [ RunTime:0.000344s ]
INFO: Run WriteHtmlCache Behavior [ RunTime:0.000216s ]
INFO: Run ShowRuntime Behavior [ RunTime:0.000408s ]
INFO: [ view_filter ] --END-- [ RunTime:0.001483s ]
INFO: [ view_end ] --START--
INFO: Run ShowPageTrace Behavior [ RunTime:0.000542s ]
INFO: [ view_end ] --END-- [ RunTime:0.000605s ]

[ 2013-05-21T16:27:06+08:00 ] ERR: (ThinkException) 无法加载模块:Login
[ 2013-05-21T16:27:06+08:00 ] ERR: (ThinkException) 无法加载模块:Login
[ 2013-05-21T16:28:09+08:00 ] 192.168.11.101 /home/
INFO: [ app_begin ] --START--
INFO: Run CheckLang Behavior [ RunTime:0.001588s ]
INFO: [ app_begin ] --END-- [ RunTime:0.001720s ]
INFO: [ view_template ] --START--
INFO: Run LocationTemplate Behavior [ RunTime:0.001737s ]
INFO: [ view_template ] --END-- [ RunTime:0.001849s ]
INFO: [ view_parse ] --START--
NOTIC: [8] Undefined variable: username D:\wamp\www\home\Runtime\Cache\2f4fe97b6cc0c77ca24b7f0c1b4979be.php 第 27 行.
NOTIC: [8] Undefined variable: pwd D:\wamp\www\home\Runtime\Cache\2f4fe97b6cc0c77ca24b7f0c1b4979be.php 第 35 行.
NOTIC: [8] Undefined variable: error D:\wamp\www\home\Runtime\Cache\2f4fe97b6cc0c77ca24b7f0c1b4979be.php 第 60 行.
INFO: Run ParseTemplate Behavior [ RunTime:0.012423s ]
INFO: [ view_parse ] --END-- [ RunTime:0.012516s ]
INFO: [ view_filter ] --START--
INFO: Run ContentReplace Behavior [ RunTime:0.000772s ]
INFO: Run TokenBuild Behavior [ RunTime:0.000750s ]
INFO: Run WriteHtmlCache Behavior [ RunTime:0.000637s ]
INFO: Run ShowRuntime Behavior [ RunTime:0.000844s ]
INFO: [ view_filter ] --END-- [ RunTime:0.003174s ]
INFO: [ view_end ] --START--
INFO: Run ShowPageTrace Behavior [ RunTime:0.000955s ]
INFO: [ view_end ] --END-- [ RunTime:0.001016s ]

[ 2013-05-21T16:28:18+08:00 ] 192.168.11.101 /home/
INFO: [ app_begin ] --START--
INFO: Run CheckLang Behavior [ RunTime:0.002276s ]
INFO: [ app_begin ] --END-- [ RunTime:0.002460s ]
INFO: [ view_template ] --START--
INFO: Run LocationTemplate Behavior [ RunTime:0.002490s ]
INFO: [ view_template ] --END-- [ RunTime:0.002643s ]
INFO: [ view_parse ] --START--
NOTIC: [8] Undefined variable: username D:\wamp\www\home\Runtime\Cache\2f4fe97b6cc0c77ca24b7f0c1b4979be.php 第 27 行.
NOTIC: [8] Undefined variable: pwd D:\wamp\www\home\Runtime\Cache\2f4fe97b6cc0c77ca24b7f0c1b4979be.php 第 35 行.
NOTIC: [8] Undefined variable: error D:\wamp\www\home\Runtime\Cache\2f4fe97b6cc0c77ca24b7f0c1b4979be.php 第 60 行.
INFO: Run ParseTemplate Behavior [ RunTime:0.012037s ]
INFO: [ view_parse ] --END-- [ RunTime:0.012141s ]
INFO: [ view_filter ] --START--
INFO: Run ContentReplace Behavior [ RunTime:0.000756s ]
INFO: Run TokenBuild Behavior [ RunTime:0.000750s ]
INFO: Run WriteHtmlCache Behavior [ RunTime:0.000663s ]
INFO: Run ShowRuntime Behavior [ RunTime:0.000827s ]
INFO: [ view_filter ] --END-- [ RunTime:0.003167s ]
INFO: [ view_end ] --START--
INFO: Run ShowPageTrace Behavior [ RunTime:0.000929s ]
INFO: [ view_end ] --END-- [ RunTime:0.000990s ]

[ 2013-05-21T16:28:26+08:00 ] 192.168.11.101 /home/
INFO: [ app_begin ] --START--
INFO: Run CheckLang Behavior [ RunTime:0.002226s ]
INFO: [ app_begin ] --END-- [ RunTime:0.002402s ]
INFO: [ view_template ] --START--
INFO: Run LocationTemplate Behavior [ RunTime:0.001809s ]
INFO: [ view_template ] --END-- [ RunTime:0.001922s ]
INFO: [ view_parse ] --START--
NOTIC: [8] Undefined variable: username D:\wamp\www\home\Runtime\Cache\2f4fe97b6cc0c77ca24b7f0c1b4979be.php 第 27 行.
NOTIC: [8] Undefined variable: pwd D:\wamp\www\home\Runtime\Cache\2f4fe97b6cc0c77ca24b7f0c1b4979be.php 第 35 行.
NOTIC: [8] Undefined variable: error D:\wamp\www\home\Runtime\Cache\2f4fe97b6cc0c77ca24b7f0c1b4979be.php 第 60 行.
INFO: Run ParseTemplate Behavior [ RunTime:0.009325s ]
INFO: [ view_parse ] --END-- [ RunTime:0.009408s ]
INFO: [ view_filter ] --START--
INFO: Run ContentReplace Behavior [ RunTime:0.000758s ]
INFO: Run TokenBuild Behavior [ RunTime:0.000746s ]
INFO: Run WriteHtmlCache Behavior [ RunTime:0.000648s ]
INFO: Run ShowRuntime Behavior [ RunTime:0.000831s ]
INFO: [ view_filter ] --END-- [ RunTime:0.003162s ]
INFO: [ view_end ] --START--
INFO: Run ShowPageTrace Behavior [ RunTime:0.000947s ]
INFO: [ view_end ] --END-- [ RunTime:0.001007s ]

[ 2013-05-21T16:28:26+08:00 ] ERR: (ThinkException) 无法加载模块:Login
[ 2013-05-21T16:28:26+08:00 ] ERR: (ThinkException) 无法加载模块:Favicon
[ 2013-05-21T16:28:44+08:00 ] 192.168.11.101 /home/
INFO: [ app_begin ] --START--
INFO: Run CheckLang Behavior [ RunTime:0.001156s ]
INFO: [ app_begin ] --END-- [ RunTime:0.001308s ]
INFO: [ view_template ] --START--
INFO: Run LocationTemplate Behavior [ RunTime:0.002171s ]
INFO: [ view_template ] --END-- [ RunTime:0.002301s ]
INFO: [ view_parse ] --START--
NOTIC: [8] Undefined variable: username D:\wamp\www\home\Runtime\Cache\2f4fe97b6cc0c77ca24b7f0c1b4979be.php 第 27 行.
NOTIC: [8] Undefined variable: pwd D:\wamp\www\home\Runtime\Cache\2f4fe97b6cc0c77ca24b7f0c1b4979be.php 第 35 行.
NOTIC: [8] Undefined variable: error D:\wamp\www\home\Runtime\Cache\2f4fe97b6cc0c77ca24b7f0c1b4979be.php 第 60 行.
INFO: Run ParseTemplate Behavior [ RunTime:0.016479s ]
INFO: [ view_parse ] --END-- [ RunTime:0.016578s ]
INFO: [ view_filter ] --START--
INFO: Run ContentReplace Behavior [ RunTime:0.000847s ]
INFO: Run TokenBuild Behavior [ RunTime:0.000770s ]
INFO: Run WriteHtmlCache Behavior [ RunTime:0.000640s ]
INFO: Run ShowRuntime Behavior [ RunTime:0.000827s ]
INFO: [ view_filter ] --END-- [ RunTime:0.003274s ]
INFO: [ view_end ] --START--
INFO: Run ShowPageTrace Behavior [ RunTime:0.000944s ]
INFO: [ view_end ] --END-- [ RunTime:0.001004s ]

[ 2013-05-21T16:28:44+08:00 ] ERR: (ThinkException) 无法加载模块:Login
[ 2013-05-21T16:28:44+08:00 ] ERR: (ThinkException) 无法加载模块:Favicon
[ 2013-05-21T16:28:51+08:00 ] 192.168.11.101 /home/
INFO: [ app_begin ] --START--
INFO: Run CheckLang Behavior [ RunTime:0.001267s ]
INFO: [ app_begin ] --END-- [ RunTime:0.001373s ]
INFO: [ view_template ] --START--
INFO: Run LocationTemplate Behavior [ RunTime:0.001369s ]
INFO: [ view_template ] --END-- [ RunTime:0.001453s ]
INFO: [ view_parse ] --START--
NOTIC: [8] Undefined variable: username D:\wamp\www\home\Runtime\Cache\2f4fe97b6cc0c77ca24b7f0c1b4979be.php 第 27 行.
NOTIC: [8] Undefined variable: pwd D:\wamp\www\home\Runtime\Cache\2f4fe97b6cc0c77ca24b7f0c1b4979be.php 第 35 行.
NOTIC: [8] Undefined variable: error D:\wamp\www\home\Runtime\Cache\2f4fe97b6cc0c77ca24b7f0c1b4979be.php 第 60 行.
INFO: Run ParseTemplate Behavior [ RunTime:0.011433s ]
INFO: [ view_parse ] --END-- [ RunTime:0.011524s ]
INFO: [ view_filter ] --START--
INFO: Run ContentReplace Behavior [ RunTime:0.000937s ]
INFO: Run TokenBuild Behavior [ RunTime:0.000923s ]
INFO: Run WriteHtmlCache Behavior [ RunTime:0.000789s ]
INFO: Run ShowRuntime Behavior [ RunTime:0.001009s ]
INFO: [ view_filter ] --END-- [ RunTime:0.003870s ]
INFO: [ view_end ] --START--
INFO: Run ShowPageTrace Behavior [ RunTime:0.001141s ]
INFO: [ view_end ] --END-- [ RunTime:0.001216s ]

[ 2013-05-21T16:28:51+08:00 ] ERR: (ThinkException) 无法加载模块:Login
[ 2013-05-21T16:28:52+08:00 ] ERR: (ThinkException) 无法加载模块:Favicon
[ 2013-05-21T16:29:52+08:00 ] 192.168.11.101 /home/
INFO: [ app_begin ] --START--
INFO: Run CheckLang Behavior [ RunTime:0.000947s ]
INFO: [ app_begin ] --END-- [ RunTime:0.001081s ]
INFO: [ view_template ] --START--
INFO: Run LocationTemplate Behavior [ RunTime:0.000478s ]
INFO: [ view_template ] --END-- [ RunTime:0.000580s ]
INFO: [ view_parse ] --START--
NOTIC: [8] Undefined variable: username D:\wamp\www\home\Runtime\Cache\2f4fe97b6cc0c77ca24b7f0c1b4979be.php 第 27 行.
NOTIC: [8] Undefined variable: pwd D:\wamp\www\home\Runtime\Cache\2f4fe97b6cc0c77ca24b7f0c1b4979be.php 第 35 行.
NOTIC: [8] Undefined variable: error D:\wamp\www\home\Runtime\Cache\2f4fe97b6cc0c77ca24b7f0c1b4979be.php 第 60 行.
INFO: Run ParseTemplate Behavior [ RunTime:0.010784s ]
INFO: [ view_parse ] --END-- [ RunTime:0.010896s ]
INFO: [ view_filter ] --START--
INFO: Run ContentReplace Behavior [ RunTime:0.000525s ]
INFO: Run TokenBuild Behavior [ RunTime:0.000488s ]
INFO: Run WriteHtmlCache Behavior [ RunTime:0.000325s ]
INFO: Run ShowRuntime Behavior [ RunTime:0.000600s ]
INFO: [ view_filter ] --END-- [ RunTime:0.002188s ]
INFO: [ view_end ] --START--
INFO: Run ShowPageTrace Behavior [ RunTime:0.000763s ]
INFO: [ view_end ] --END-- [ RunTime:0.000853s ]

[ 2013-05-21T16:29:52+08:00 ] ERR: (ThinkException) 无法加载模块:Login
[ 2013-05-21T16:29:52+08:00 ] ERR: (ThinkException) 无法加载模块:Favicon
[ 2013-05-21T16:30:21+08:00 ] 192.168.11.101 /home/
INFO: [ app_begin ] --START--
INFO: Run CheckLang Behavior [ RunTime:0.001133s ]
INFO: [ app_begin ] --END-- [ RunTime:0.001286s ]
INFO: [ view_template ] --START--
INFO: Run LocationTemplate Behavior [ RunTime:0.000579s ]
INFO: [ view_template ] --END-- [ RunTime:0.000704s ]
INFO: [ view_parse ] --START--
NOTIC: [8] Undefined variable: username D:\wamp\www\home\Runtime\Cache\2f4fe97b6cc0c77ca24b7f0c1b4979be.php 第 27 行.
NOTIC: [8] Undefined variable: pwd D:\wamp\www\home\Runtime\Cache\2f4fe97b6cc0c77ca24b7f0c1b4979be.php 第 35 行.
NOTIC: [8] Undefined variable: error D:\wamp\www\home\Runtime\Cache\2f4fe97b6cc0c77ca24b7f0c1b4979be.php 第 60 行.
INFO: Run ParseTemplate Behavior [ RunTime:0.012099s ]
INFO: [ view_parse ] --END-- [ RunTime:0.012195s ]
INFO: [ view_filter ] --START--
INFO: Run ContentReplace Behavior [ RunTime:0.000319s ]
INFO: Run TokenBuild Behavior [ RunTime:0.000316s ]
INFO: Run WriteHtmlCache Behavior [ RunTime:0.000210s ]
INFO: Run ShowRuntime Behavior [ RunTime:0.000395s ]
INFO: [ view_filter ] --END-- [ RunTime:0.001417s ]
INFO: [ view_end ] --START--
INFO: Run ShowPageTrace Behavior [ RunTime:0.000495s ]
INFO: [ view_end ] --END-- [ RunTime:0.000554s ]

[ 2013-05-21T16:30:21+08:00 ] 192.168.11.101 /home/index/checkcode/
INFO: [ route_check ] --START--
INFO: Run CheckRoute Behavior [ RunTime:0.001252s ]
INFO: [ route_check ] --END-- [ RunTime:0.001361s ]
INFO: [ app_begin ] --START--
INFO: Run CheckLang Behavior [ RunTime:0.001065s ]
INFO: [ app_begin ] --END-- [ RunTime:0.001134s ]
INFO: [ view_template ] --START--
INFO: Run LocationTemplate Behavior [ RunTime:0.001110s ]
INFO: [ view_template ] --END-- [ RunTime:0.001176s ]
INFO: [ view_parse ] --START--
INFO: Run ParseTemplate Behavior [ RunTime:0.033801s ]
INFO: [ view_parse ] --END-- [ RunTime:0.033916s ]
INFO: [ view_filter ] --START--
INFO: Run ContentReplace Behavior [ RunTime:0.000868s ]
INFO: Run TokenBuild Behavior [ RunTime:0.000798s ]
INFO: Run WriteHtmlCache Behavior [ RunTime:0.000681s ]
INFO: Run ShowRuntime Behavior [ RunTime:0.000864s ]
INFO: [ view_filter ] --END-- [ RunTime:0.003399s ]
INFO: [ view_end ] --START--
INFO: Run ShowPageTrace Behavior [ RunTime:0.000933s ]
INFO: [ view_end ] --END-- [ RunTime:0.000991s ]

[ 2013-05-21T16:30:21+08:00 ] ERR: (ThinkException) 无法加载模块:Favicon
[ 2013-05-21T16:30:27+08:00 ] 192.168.11.101 /home/index/checkcode/
INFO: [ route_check ] --START--
INFO: Run CheckRoute Behavior [ RunTime:0.002591s ]
INFO: [ route_check ] --END-- [ RunTime:0.002800s ]
INFO: [ app_begin ] --START--
INFO: Run CheckLang Behavior [ RunTime:0.001993s ]
INFO: [ app_begin ] --END-- [ RunTime:0.002132s ]
INFO: [ view_template ] --START--
INFO: Run LocationTemplate Behavior [ RunTime:0.002148s ]
INFO: [ view_template ] --END-- [ RunTime:0.002355s ]
INFO: [ view_parse ] --START--
INFO: Run ParseTemplate Behavior [ RunTime:0.011816s ]
INFO: [ view_parse ] --END-- [ RunTime:0.011941s ]
INFO: [ view_filter ] --START--
INFO: Run ContentReplace Behavior [ RunTime:0.000839s ]
INFO: Run TokenBuild Behavior [ RunTime:0.000802s ]
INFO: Run WriteHtmlCache Behavior [ RunTime:0.000691s ]
INFO: Run ShowRuntime Behavior [ RunTime:0.000940s ]
INFO: [ view_filter ] --END-- [ RunTime:0.003488s ]
INFO: [ view_end ] --START--
INFO: Run ShowPageTrace Behavior [ RunTime:0.001582s ]
INFO: [ view_end ] --END-- [ RunTime:0.001697s ]

[ 2013-05-21T16:30:33+08:00 ] 192.168.11.101 /home/
INFO: [ app_begin ] --START--
INFO: Run CheckLang Behavior [ RunTime:0.001121s ]
INFO: [ app_begin ] --END-- [ RunTime:0.001261s ]
INFO: [ view_template ] --START--
INFO: Run LocationTemplate Behavior [ RunTime:0.001084s ]
INFO: [ view_template ] --END-- [ RunTime:0.001194s ]
INFO: [ view_parse ] --START--
NOTIC: [8] Undefined variable: username D:\wamp\www\home\Runtime\Cache\2f4fe97b6cc0c77ca24b7f0c1b4979be.php 第 27 行.
NOTIC: [8] Undefined variable: pwd D:\wamp\www\home\Runtime\Cache\2f4fe97b6cc0c77ca24b7f0c1b4979be.php 第 35 行.
NOTIC: [8] Undefined variable: error D:\wamp\www\home\Runtime\Cache\2f4fe97b6cc0c77ca24b7f0c1b4979be.php 第 60 行.
INFO: Run ParseTemplate Behavior [ RunTime:0.011026s ]
INFO: [ view_parse ] --END-- [ RunTime:0.011154s ]
INFO: [ view_filter ] --START--
INFO: Run ContentReplace Behavior [ RunTime:0.000517s ]
INFO: Run TokenBuild Behavior [ RunTime:0.000517s ]
INFO: Run WriteHtmlCache Behavior [ RunTime:0.000323s ]
INFO: Run ShowRuntime Behavior [ RunTime:0.000671s ]
INFO: [ view_filter ] --END-- [ RunTime:0.002308s ]
INFO: [ view_end ] --START--
INFO: Run ShowPageTrace Behavior [ RunTime:0.000909s ]
INFO: [ view_end ] --END-- [ RunTime:0.001016s ]

[ 2013-05-21T16:30:33+08:00 ] 192.168.11.101 /home/index/checkcode/
INFO: [ route_check ] --START--
INFO: Run CheckRoute Behavior [ RunTime:0.002163s ]
INFO: [ route_check ] --END-- [ RunTime:0.002505s ]
INFO: [ app_begin ] --START--
INFO: Run CheckLang Behavior [ RunTime:0.001169s ]
INFO: [ app_begin ] --END-- [ RunTime:0.001263s ]
INFO: [ view_template ] --START--
INFO: Run LocationTemplate Behavior [ RunTime:0.001178s ]
INFO: [ view_template ] --END-- [ RunTime:0.001247s ]
INFO: [ view_parse ] --START--
INFO: Run ParseTemplate Behavior [ RunTime:0.012562s ]
INFO: [ view_parse ] --END-- [ RunTime:0.012672s ]
INFO: [ view_filter ] --START--
INFO: Run ContentReplace Behavior [ RunTime:0.000839s ]
INFO: Run TokenBuild Behavior [ RunTime:0.000790s ]
INFO: Run WriteHtmlCache Behavior [ RunTime:0.000706s ]
INFO: Run ShowRuntime Behavior [ RunTime:0.000944s ]
INFO: [ view_filter ] --END-- [ RunTime:0.003476s ]
INFO: [ view_end ] --START--
INFO: Run ShowPageTrace Behavior [ RunTime:0.000979s ]
INFO: [ view_end ] --END-- [ RunTime:0.001038s ]

[ 2013-05-21T16:30:33+08:00 ] ERR: (ThinkException) 无法加载模块:Favicon
[ 2013-05-21T16:30:45+08:00 ] ERR: (ThinkException) 无法加载模块:Login
[ 2013-05-21T16:31:07+08:00 ] 192.168.11.101 /home/
INFO: [ app_begin ] --START--
INFO: Run CheckLang Behavior [ RunTime:0.001090s ]
INFO: [ app_begin ] --END-- [ RunTime:0.001237s ]
INFO: [ view_template ] --START--
INFO: Run LocationTemplate Behavior [ RunTime:0.001189s ]
INFO: [ view_template ] --END-- [ RunTime:0.001304s ]
INFO: [ view_parse ] --START--
NOTIC: [8] Undefined variable: username D:\wamp\www\home\Runtime\Cache\2f4fe97b6cc0c77ca24b7f0c1b4979be.php 第 27 行.
NOTIC: [8] Undefined variable: pwd D:\wamp\www\home\Runtime\Cache\2f4fe97b6cc0c77ca24b7f0c1b4979be.php 第 35 行.
NOTIC: [8] Undefined variable: error D:\wamp\www\home\Runtime\Cache\2f4fe97b6cc0c77ca24b7f0c1b4979be.php 第 60 行.
INFO: Run ParseTemplate Behavior [ RunTime:0.012292s ]
INFO: [ view_parse ] --END-- [ RunTime:0.012411s ]
INFO: [ view_filter ] --START--
INFO: Run ContentReplace Behavior [ RunTime:0.000614s ]
INFO: Run TokenBuild Behavior [ RunTime:0.000597s ]
INFO: Run WriteHtmlCache Behavior [ RunTime:0.000370s ]
INFO: Run ShowRuntime Behavior [ RunTime:0.000659s ]
INFO: [ view_filter ] --END-- [ RunTime:0.002543s ]
INFO: [ view_end ] --START--
INFO: Run ShowPageTrace Behavior [ RunTime:0.000841s ]
INFO: [ view_end ] --END-- [ RunTime:0.000947s ]

[ 2013-05-21T16:31:07+08:00 ] 192.168.11.101 /home/index/checkcode/
INFO: [ route_check ] --START--
INFO: Run CheckRoute Behavior [ RunTime:0.001291s ]
INFO: [ route_check ] --END-- [ RunTime:0.001403s ]
INFO: [ app_begin ] --START--
INFO: Run CheckLang Behavior [ RunTime:0.000693s ]
INFO: [ app_begin ] --END-- [ RunTime:0.000783s ]
INFO: [ view_template ] --START--
INFO: Run LocationTemplate Behavior [ RunTime:0.000536s ]
INFO: [ view_template ] --END-- [ RunTime:0.000661s ]
INFO: [ view_parse ] --START--
INFO: Run ParseTemplate Behavior [ RunTime:0.014887s ]
INFO: [ view_parse ] --END-- [ RunTime:0.015004s ]
INFO: [ view_filter ] --START--
INFO: Run ContentReplace Behavior [ RunTime:0.000357s ]
INFO: Run TokenBuild Behavior [ RunTime:0.000328s ]
INFO: Run WriteHtmlCache Behavior [ RunTime:0.000225s ]
INFO: Run ShowRuntime Behavior [ RunTime:0.000408s ]
INFO: [ view_filter ] --END-- [ RunTime:0.001495s ]
INFO: [ view_end ] --START--
INFO: Run ShowPageTrace Behavior [ RunTime:0.000532s ]
INFO: [ view_end ] --END-- [ RunTime:0.000594s ]

[ 2013-05-21T16:31:07+08:00 ] ERR: (ThinkException) 无法加载模块:Favicon
[ 2013-05-21T16:31:11+08:00 ] ERR: (ThinkException) 无法加载模块:Login
[ 2013-05-21T16:31:12+08:00 ] ERR: (ThinkException) 无法加载模块:Login
[ 2013-05-21T16:31:16+08:00 ] ERR: (ThinkException) 无法加载模块:Login
[ 2013-05-21T16:31:18+08:00 ] ERR: (ThinkException) 无法加载模块:Login
[ 2013-05-21T16:31:18+08:00 ] ERR: (ThinkException) 无法加载模块:Login
[ 2013-05-21T16:31:51+08:00 ] 192.168.11.101 /home/
INFO: [ app_begin ] --START--
INFO: Run CheckLang Behavior [ RunTime:0.001041s ]
INFO: [ app_begin ] --END-- [ RunTime:0.001177s ]
INFO: [ view_template ] --START--
INFO: Run LocationTemplate Behavior [ RunTime:0.000489s ]
INFO: [ view_template ] --END-- [ RunTime:0.000596s ]
INFO: [ view_parse ] --START--
NOTIC: [8] Undefined variable: username D:\wamp\www\home\Runtime\Cache\2f4fe97b6cc0c77ca24b7f0c1b4979be.php 第 27 行.
NOTIC: [8] Undefined variable: pwd D:\wamp\www\home\Runtime\Cache\2f4fe97b6cc0c77ca24b7f0c1b4979be.php 第 35 行.
NOTIC: [8] Undefined variable: error D:\wamp\www\home\Runtime\Cache\2f4fe97b6cc0c77ca24b7f0c1b4979be.php 第 60 行.
INFO: Run ParseTemplate Behavior [ RunTime:0.010940s ]
INFO: [ view_parse ] --END-- [ RunTime:0.011052s ]
INFO: [ view_filter ] --START--
INFO: Run ContentReplace Behavior [ RunTime:0.000628s ]
INFO: Run TokenBuild Behavior [ RunTime:0.000506s ]
INFO: Run WriteHtmlCache Behavior [ RunTime:0.000331s ]
INFO: Run ShowRuntime Behavior [ RunTime:0.000604s ]
INFO: [ view_filter ] --END-- [ RunTime:0.002340s ]
INFO: [ view_end ] --START--
INFO: Run ShowPageTrace Behavior [ RunTime:0.000771s ]
INFO: [ view_end ] --END-- [ RunTime:0.000862s ]

[ 2013-05-21T16:31:51+08:00 ] 192.168.11.101 /home/index/checkcode/
INFO: [ route_check ] --START--
INFO: Run CheckRoute Behavior [ RunTime:0.002290s ]
INFO: [ route_check ] --END-- [ RunTime:0.002504s ]
INFO: [ app_begin ] --START--
INFO: Run CheckLang Behavior [ RunTime:0.001771s ]
INFO: [ app_begin ] --END-- [ RunTime:0.002030s ]
INFO: [ view_template ] --START--
INFO: Run LocationTemplate Behavior [ RunTime:0.001836s ]
INFO: [ view_template ] --END-- [ RunTime:0.001984s ]
INFO: [ view_parse ] --START--
INFO: Run ParseTemplate Behavior [ RunTime:0.014749s ]
INFO: [ view_parse ] --END-- [ RunTime:0.014876s ]
INFO: [ view_filter ] --START--
INFO: Run ContentReplace Behavior [ RunTime:0.000900s ]
INFO: Run TokenBuild Behavior [ RunTime:0.000871s ]
INFO: Run WriteHtmlCache Behavior [ RunTime:0.000757s ]
INFO: Run ShowRuntime Behavior [ RunTime:0.001047s ]
INFO: [ view_filter ] --END-- [ RunTime:0.003829s ]
INFO: [ view_end ] --START--
INFO: Run ShowPageTrace Behavior [ RunTime:0.001154s ]
INFO: [ view_end ] --END-- [ RunTime:0.001237s ]

[ 2013-05-21T16:31:51+08:00 ] ERR: (ThinkException) 无法加载模块:Favicon
[ 2013-05-21T16:31:55+08:00 ] 192.168.11.101 /home/index/ajaxcheckrandcode/checkcode/4l69
INFO: [ route_check ] --START--
INFO: Run CheckRoute Behavior [ RunTime:0.000854s ]
INFO: [ route_check ] --END-- [ RunTime:0.000963s ]
INFO: [ app_begin ] --START--
INFO: Run CheckLang Behavior [ RunTime:0.000743s ]
INFO: [ app_begin ] --END-- [ RunTime:0.000819s ]

[ 2013-05-21T16:31:57+08:00 ] 192.168.11.101 /home/index/ajaxcheckrandcode/checkcode/4l69
INFO: [ route_check ] --START--
INFO: Run CheckRoute Behavior [ RunTime:0.001331s ]
INFO: [ route_check ] --END-- [ RunTime:0.001499s ]
INFO: [ app_begin ] --START--
INFO: Run CheckLang Behavior [ RunTime:0.001139s ]
INFO: [ app_begin ] --END-- [ RunTime:0.001264s ]

[ 2013-05-21T16:32:02+08:00 ] 192.168.11.101 /home/index/ajaxcheckrandcode/checkcode/4l69
INFO: [ route_check ] --START--
INFO: Run CheckRoute Behavior [ RunTime:0.001997s ]
INFO: [ route_check ] --END-- [ RunTime:0.002243s ]
INFO: [ app_begin ] --START--
INFO: Run CheckLang Behavior [ RunTime:0.001617s ]
INFO: [ app_begin ] --END-- [ RunTime:0.001773s ]

[ 2013-05-21T16:32:05+08:00 ] ERR: (ThinkException) 无法加载模块:Login
[ 2013-05-21T16:48:20+08:00 ] ERR: (ThinkException) 无法加载模块:Login
[ 2013-05-21T16:48:23+08:00 ] 192.168.11.101 /home/
INFO: [ app_begin ] --START--
INFO: Run CheckLang Behavior [ RunTime:0.000758s ]
INFO: [ app_begin ] --END-- [ RunTime:0.000866s ]
INFO: [ view_template ] --START--
INFO: Run LocationTemplate Behavior [ RunTime:0.001392s ]
INFO: [ view_template ] --END-- [ RunTime:0.001477s ]
INFO: [ view_parse ] --START--
NOTIC: [8] Undefined variable: name D:\wamp\www\home\Runtime\Cache\2f4fe97b6cc0c77ca24b7f0c1b4979be.php 第 27 行.
NOTIC: [8] Undefined variable: pwd D:\wamp\www\home\Runtime\Cache\2f4fe97b6cc0c77ca24b7f0c1b4979be.php 第 35 行.
NOTIC: [8] Undefined variable: error D:\wamp\www\home\Runtime\Cache\2f4fe97b6cc0c77ca24b7f0c1b4979be.php 第 60 行.
INFO: Run ParseTemplate Behavior [ RunTime:0.011691s ]
INFO: [ view_parse ] --END-- [ RunTime:0.011787s ]
INFO: [ view_filter ] --START--
INFO: Run ContentReplace Behavior [ RunTime:0.001034s ]
INFO: Run TokenBuild Behavior [ RunTime:0.000943s ]
INFO: Run WriteHtmlCache Behavior [ RunTime:0.000796s ]
INFO: Run ShowRuntime Behavior [ RunTime:0.001017s ]
INFO: [ view_filter ] --END-- [ RunTime:0.004008s ]
INFO: [ view_end ] --START--
INFO: Run ShowPageTrace Behavior [ RunTime:0.001171s ]
INFO: [ view_end ] --END-- [ RunTime:0.001246s ]

[ 2013-05-21T16:48:23+08:00 ] 192.168.11.101 /home/index/checkcode/
INFO: [ route_check ] --START--
INFO: Run CheckRoute Behavior [ RunTime:0.001808s ]
INFO: [ route_check ] --END-- [ RunTime:0.002045s ]
INFO: [ app_begin ] --START--
INFO: Run CheckLang Behavior [ RunTime:0.001412s ]
INFO: [ app_begin ] --END-- [ RunTime:0.001572s ]
INFO: [ view_template ] --START--
INFO: Run LocationTemplate Behavior [ RunTime:0.001901s ]
INFO: [ view_template ] --END-- [ RunTime:0.002044s ]
INFO: [ view_parse ] --START--
INFO: Run ParseTemplate Behavior [ RunTime:0.012557s ]
INFO: [ view_parse ] --END-- [ RunTime:0.012672s ]
INFO: [ view_filter ] --START--
INFO: Run ContentReplace Behavior [ RunTime:0.000820s ]
INFO: Run TokenBuild Behavior [ RunTime:0.000902s ]
INFO: Run WriteHtmlCache Behavior [ RunTime:0.000710s ]
INFO: Run ShowRuntime Behavior [ RunTime:0.000963s ]
INFO: [ view_filter ] --END-- [ RunTime:0.003612s ]
INFO: [ view_end ] --START--
INFO: Run ShowPageTrace Behavior [ RunTime:0.001127s ]
INFO: [ view_end ] --END-- [ RunTime:0.001200s ]

[ 2013-05-21T16:48:23+08:00 ] ERR: (ThinkException) 无法加载模块:Favicon
[ 2013-05-21T16:48:25+08:00 ] 192.168.11.101 /home/index/reg/
INFO: [ route_check ] --START--
INFO: Run CheckRoute Behavior [ RunTime:0.000793s ]
INFO: [ route_check ] --END-- [ RunTime:0.000913s ]
INFO: [ app_begin ] --START--
INFO: Run CheckLang Behavior [ RunTime:0.000990s ]
INFO: [ app_begin ] --END-- [ RunTime:0.001074s ]

[ 2013-05-21T16:48:25+08:00 ] 192.168.11.101 /home/index/regindex/error/1
INFO: [ route_check ] --START--
INFO: Run CheckRoute Behavior [ RunTime:0.000739s ]
INFO: [ route_check ] --END-- [ RunTime:0.000842s ]
INFO: [ app_begin ] --START--
INFO: Run CheckLang Behavior [ RunTime:0.000625s ]
INFO: [ app_begin ] --END-- [ RunTime:0.000690s ]
INFO: [ view_template ] --START--
INFO: Run LocationTemplate Behavior [ RunTime:0.000703s ]
INFO: [ view_template ] --END-- [ RunTime:0.000768s ]
INFO: [ view_parse ] --START--
NOTIC: [8] Undefined variable: error D:\wamp\www\home\Runtime\Cache\04f5d77c3b56ff048f3f3a757e1f1f68.php 第 67 行.
INFO: Run ParseTemplate Behavior [ RunTime:0.008235s ]
INFO: [ view_parse ] --END-- [ RunTime:0.008311s ]
INFO: [ view_filter ] --START--
INFO: Run ContentReplace Behavior [ RunTime:0.000387s ]
INFO: Run TokenBuild Behavior [ RunTime:0.000320s ]
INFO: Run WriteHtmlCache Behavior [ RunTime:0.000217s ]
INFO: Run ShowRuntime Behavior [ RunTime:0.000430s ]
INFO: [ view_filter ] --END-- [ RunTime:0.001527s ]
INFO: [ view_end ] --START--
INFO: Run ShowPageTrace Behavior [ RunTime:0.000584s ]
INFO: [ view_end ] --END-- [ RunTime:0.000647s ]

[ 2013-05-21T16:48:25+08:00 ] ERR: (ThinkException) 无法加载模块:Public
[ 2013-05-21T16:48:25+08:00 ] ERR: (ThinkException) 无法加载模块:Login
[ 2013-05-21T16:48:25+08:00 ] ERR: (ThinkException) 无法加载模块:Favicon
[ 2013-05-21T16:48:46+08:00 ] 192.168.11.101 /home/index/regindex/error/1
INFO: [ route_check ] --START--
INFO: Run CheckRoute Behavior [ RunTime:0.001141s ]
INFO: [ route_check ] --END-- [ RunTime:0.001286s ]
INFO: [ app_begin ] --START--
INFO: Run CheckLang Behavior [ RunTime:0.000944s ]
INFO: [ app_begin ] --END-- [ RunTime:0.001043s ]
INFO: [ view_template ] --START--
INFO: Run LocationTemplate Behavior [ RunTime:0.000476s ]
INFO: [ view_template ] --END-- [ RunTime:0.000573s ]
INFO: [ view_parse ] --START--
NOTIC: [8] Undefined variable: error D:\wamp\www\home\Runtime\Cache\04f5d77c3b56ff048f3f3a757e1f1f68.php 第 67 行.
INFO: Run ParseTemplate Behavior [ RunTime:0.011295s ]
INFO: [ view_parse ] --END-- [ RunTime:0.011410s ]
INFO: [ view_filter ] --START--
INFO: Run ContentReplace Behavior [ RunTime:0.000541s ]
INFO: Run TokenBuild Behavior [ RunTime:0.000489s ]
INFO: Run WriteHtmlCache Behavior [ RunTime:0.000333s ]
INFO: Run ShowRuntime Behavior [ RunTime:0.000610s ]
INFO: [ view_filter ] --END-- [ RunTime:0.002226s ]
INFO: [ view_end ] --START--
INFO: Run ShowPageTrace Behavior [ RunTime:0.000780s ]
INFO: [ view_end ] --END-- [ RunTime:0.000872s ]

[ 2013-05-21T16:48:47+08:00 ] ERR: (ThinkException) 无法加载模块:Public
[ 2013-05-21T16:48:47+08:00 ] 192.168.11.101 /home/index/checkcode/
INFO: [ route_check ] --START--
INFO: Run CheckRoute Behavior [ RunTime:0.000809s ]
INFO: [ route_check ] --END-- [ RunTime:0.000924s ]
INFO: [ app_begin ] --START--
INFO: Run CheckLang Behavior [ RunTime:0.002383s ]
INFO: [ app_begin ] --END-- [ RunTime:0.002661s ]
INFO: [ view_template ] --START--
INFO: Run LocationTemplate Behavior [ RunTime:0.000551s ]
INFO: [ view_template ] --END-- [ RunTime:0.000672s ]
INFO: [ view_parse ] --START--
INFO: Run ParseTemplate Behavior [ RunTime:0.010799s ]
INFO: [ view_parse ] --END-- [ RunTime:0.010902s ]
INFO: [ view_filter ] --START--
INFO: Run ContentReplace Behavior [ RunTime:0.000359s ]
INFO: Run TokenBuild Behavior [ RunTime:0.000339s ]
INFO: Run WriteHtmlCache Behavior [ RunTime:0.000227s ]
INFO: Run ShowRuntime Behavior [ RunTime:0.000409s ]
INFO: [ view_filter ] --END-- [ RunTime:0.001514s ]
INFO: [ view_end ] --START--
INFO: Run ShowPageTrace Behavior [ RunTime:0.000541s ]
INFO: [ view_end ] --END-- [ RunTime:0.000604s ]

[ 2013-05-21T16:48:47+08:00 ] ERR: (ThinkException) 无法加载模块:Favicon
[ 2013-05-21T16:49:10+08:00 ] 192.168.11.101 /home/index/regindex/error/1
INFO: [ route_check ] --START--
INFO: Run CheckRoute Behavior [ RunTime:0.003042s ]
INFO: [ route_check ] --END-- [ RunTime:0.003354s ]
INFO: [ app_begin ] --START--
INFO: Run CheckLang Behavior [ RunTime:0.002341s ]
INFO: [ app_begin ] --END-- [ RunTime:0.002506s ]
INFO: [ view_template ] --START--
INFO: Run LocationTemplate Behavior [ RunTime:0.001414s ]
INFO: [ view_template ] --END-- [ RunTime:0.001520s ]
INFO: [ view_parse ] --START--
NOTIC: [8] Undefined variable: error D:\wamp\www\home\Runtime\Cache\04f5d77c3b56ff048f3f3a757e1f1f68.php 第 67 行.
INFO: Run ParseTemplate Behavior [ RunTime:0.011120s ]
INFO: [ view_parse ] --END-- [ RunTime:0.011233s ]
INFO: [ view_filter ] --START--
INFO: Run ContentReplace Behavior [ RunTime:0.001041s ]
INFO: Run TokenBuild Behavior [ RunTime:0.000954s ]
INFO: Run WriteHtmlCache Behavior [ RunTime:0.000871s ]
INFO: Run ShowRuntime Behavior [ RunTime:0.001260s ]
INFO: [ view_filter ] --END-- [ RunTime:0.004411s ]
INFO: [ view_end ] --START--
INFO: Run ShowPageTrace Behavior [ RunTime:0.001559s ]
INFO: [ view_end ] --END-- [ RunTime:0.001668s ]

[ 2013-05-21T16:49:10+08:00 ] ERR: (ThinkException) 无法加载模块:Public
[ 2013-05-21T16:49:10+08:00 ] 192.168.11.101 /home/index/checkcode/
INFO: [ route_check ] --START--
INFO: Run CheckRoute Behavior [ RunTime:0.000749s ]
INFO: [ route_check ] --END-- [ RunTime:0.000863s ]
INFO: [ app_begin ] --START--
INFO: Run CheckLang Behavior [ RunTime:0.000985s ]
INFO: [ app_begin ] --END-- [ RunTime:0.001109s ]
INFO: [ view_template ] --START--
INFO: Run LocationTemplate Behavior [ RunTime:0.002572s ]
INFO: [ view_template ] --END-- [ RunTime:0.002771s ]
INFO: [ view_parse ] --START--
INFO: Run ParseTemplate Behavior [ RunTime:0.015938s ]
INFO: [ view_parse ] --END-- [ RunTime:0.016052s ]
INFO: [ view_filter ] --START--
INFO: Run ContentReplace Behavior [ RunTime:0.001466s ]
INFO: Run TokenBuild Behavior [ RunTime:0.000913s ]
INFO: Run WriteHtmlCache Behavior [ RunTime:0.000810s ]
INFO: Run ShowRuntime Behavior [ RunTime:0.001024s ]
INFO: [ view_filter ] --END-- [ RunTime:0.004486s ]
INFO: [ view_end ] --START--
INFO: Run ShowPageTrace Behavior [ RunTime:0.001344s ]
INFO: [ view_end ] --END-- [ RunTime:0.001447s ]

[ 2013-05-21T16:49:10+08:00 ] ERR: (ThinkException) 无法加载模块:Favicon
[ 2013-05-21T16:49:10+08:00 ] 192.168.11.101 /home/index/regindex/error/1
INFO: [ route_check ] --START--
INFO: Run CheckRoute Behavior [ RunTime:0.000705s ]
INFO: [ route_check ] --END-- [ RunTime:0.000797s ]
INFO: [ app_begin ] --START--
INFO: Run CheckLang Behavior [ RunTime:0.000642s ]
INFO: [ app_begin ] --END-- [ RunTime:0.000709s ]
INFO: [ view_template ] --START--
INFO: Run LocationTemplate Behavior [ RunTime:0.000700s ]
INFO: [ view_template ] --END-- [ RunTime:0.000772s ]
INFO: [ view_parse ] --START--
NOTIC: [8] Undefined variable: error D:\wamp\www\home\Runtime\Cache\04f5d77c3b56ff048f3f3a757e1f1f68.php 第 67 行.
INFO: Run ParseTemplate Behavior [ RunTime:0.007280s ]
INFO: [ view_parse ] --END-- [ RunTime:0.007351s ]
INFO: [ view_filter ] --START--
INFO: Run ContentReplace Behavior [ RunTime:0.000318s ]
INFO: Run TokenBuild Behavior [ RunTime:0.000304s ]
INFO: Run WriteHtmlCache Behavior [ RunTime:0.000208s ]
INFO: Run ShowRuntime Behavior [ RunTime:0.000380s ]
INFO: [ view_filter ] --END-- [ RunTime:0.001375s ]
INFO: [ view_end ] --START--
INFO: Run ShowPageTrace Behavior [ RunTime:0.000508s ]
INFO: [ view_end ] --END-- [ RunTime:0.000568s ]

[ 2013-05-21T16:49:10+08:00 ] ERR: (ThinkException) 无法加载模块:Public
[ 2013-05-21T16:49:10+08:00 ] 192.168.11.101 /home/index/checkcode/
INFO: [ route_check ] --START--
INFO: Run CheckRoute Behavior [ RunTime:0.000753s ]
INFO: [ route_check ] --END-- [ RunTime:0.000880s ]
INFO: [ app_begin ] --START--
INFO: Run CheckLang Behavior [ RunTime:0.000604s ]
INFO: [ app_begin ] --END-- [ RunTime:0.000670s ]
INFO: [ view_template ] --START--
INFO: Run LocationTemplate Behavior [ RunTime:0.000707s ]
INFO: [ view_template ] --END-- [ RunTime:0.000796s ]
INFO: [ view_parse ] --START--
INFO: Run ParseTemplate Behavior [ RunTime:0.014947s ]
INFO: [ view_parse ] --END-- [ RunTime:0.015064s ]
INFO: [ view_filter ] --START--
INFO: Run ContentReplace Behavior [ RunTime:0.000346s ]
INFO: Run TokenBuild Behavior [ RunTime:0.000333s ]
INFO: Run WriteHtmlCache Behavior [ RunTime:0.000224s ]
INFO: Run ShowRuntime Behavior [ RunTime:0.000404s ]
INFO: [ view_filter ] --END-- [ RunTime:0.001490s ]
INFO: [ view_end ] --START--
INFO: Run ShowPageTrace Behavior [ RunTime:0.000852s ]
INFO: [ view_end ] --END-- [ RunTime:0.000984s ]

[ 2013-05-21T16:49:10+08:00 ] ERR: (ThinkException) 无法加载模块:Favicon
[ 2013-05-21T16:49:32+08:00 ] 192.168.11.101 /home/index/regindex/error/1
INFO: [ route_check ] --START--
INFO: Run CheckRoute Behavior [ RunTime:0.001997s ]
INFO: [ route_check ] --END-- [ RunTime:0.002178s ]
INFO: [ app_begin ] --START--
INFO: Run CheckLang Behavior [ RunTime:0.001740s ]
INFO: [ app_begin ] --END-- [ RunTime:0.001857s ]
INFO: [ view_template ] --START--
INFO: Run LocationTemplate Behavior [ RunTime:0.002392s ]
INFO: [ view_template ] --END-- [ RunTime:0.002534s ]
INFO: [ view_parse ] --START--
NOTIC: [8] Undefined variable: error D:\wamp\www\home\Runtime\Cache\04f5d77c3b56ff048f3f3a757e1f1f68.php 第 67 行.
INFO: Run ParseTemplate Behavior [ RunTime:0.009910s ]
INFO: [ view_parse ] --END-- [ RunTime:0.010003s ]
INFO: [ view_filter ] --START--
INFO: Run ContentReplace Behavior [ RunTime:0.000764s ]
INFO: Run TokenBuild Behavior [ RunTime:0.000772s ]
INFO: Run WriteHtmlCache Behavior [ RunTime:0.000704s ]
INFO: Run ShowRuntime Behavior [ RunTime:0.000856s ]
INFO: [ view_filter ] --END-- [ RunTime:0.003303s ]
INFO: [ view_end ] --START--
INFO: Run ShowPageTrace Behavior [ RunTime:0.000967s ]
INFO: [ view_end ] --END-- [ RunTime:0.001030s ]

[ 2013-05-21T16:49:32+08:00 ] ERR: (ThinkException) 无法加载模块:Public
[ 2013-05-21T16:49:32+08:00 ] 192.168.11.101 /home/index/checkcode/
INFO: [ route_check ] --START--
INFO: Run CheckRoute Behavior [ RunTime:0.000895s ]
INFO: [ route_check ] --END-- [ RunTime:0.001000s ]
INFO: [ app_begin ] --START--
INFO: Run CheckLang Behavior [ RunTime:0.000688s ]
INFO: [ app_begin ] --END-- [ RunTime:0.000762s ]
INFO: [ view_template ] --START--
INFO: Run LocationTemplate Behavior [ RunTime:0.000706s ]
INFO: [ view_template ] --END-- [ RunTime:0.000773s ]
INFO: [ view_parse ] --START--
INFO: Run ParseTemplate Behavior [ RunTime:0.012863s ]
INFO: [ view_parse ] --END-- [ RunTime:0.012984s ]
INFO: [ view_filter ] --START--
INFO: Run ContentReplace Behavior [ RunTime:0.000438s ]
INFO: Run TokenBuild Behavior [ RunTime:0.000369s ]
INFO: Run WriteHtmlCache Behavior [ RunTime:0.000247s ]
INFO: Run ShowRuntime Behavior [ RunTime:0.000486s ]
INFO: [ view_filter ] --END-- [ RunTime:0.001749s ]
INFO: [ view_end ] --START--
INFO: Run ShowPageTrace Behavior [ RunTime:0.000608s ]
INFO: [ view_end ] --END-- [ RunTime:0.000678s ]

[ 2013-05-21T16:49:32+08:00 ] ERR: (ThinkException) 无法加载模块:Favicon
[ 2013-05-21T16:49:46+08:00 ] 192.168.11.101 /home/index/regindex/error/1
INFO: [ route_check ] --START--
INFO: Run CheckRoute Behavior [ RunTime:0.001725s ]
INFO: [ route_check ] --END-- [ RunTime:0.001956s ]
INFO: [ app_begin ] --START--
INFO: Run CheckLang Behavior [ RunTime:0.001376s ]
INFO: [ app_begin ] --END-- [ RunTime:0.001529s ]
INFO: [ view_template ] --START--
INFO: Run LocationTemplate Behavior [ RunTime:0.002540s ]
INFO: [ view_template ] --END-- [ RunTime:0.002706s ]
INFO: [ view_parse ] --START--
NOTIC: [8] Undefined variable: error D:\wamp\www\home\Runtime\Cache\04f5d77c3b56ff048f3f3a757e1f1f68.php 第 67 行.
INFO: Run ParseTemplate Behavior [ RunTime:0.012120s ]
INFO: [ view_parse ] --END-- [ RunTime:0.012238s ]
INFO: [ view_filter ] --START--
INFO: Run ContentReplace Behavior [ RunTime:0.001026s ]
INFO: Run TokenBuild Behavior [ RunTime:0.000921s ]
INFO: Run WriteHtmlCache Behavior [ RunTime:0.000846s ]
INFO: Run ShowRuntime Behavior [ RunTime:0.001044s ]
INFO: [ view_filter ] --END-- [ RunTime:0.004065s ]
INFO: [ view_end ] --START--
INFO: Run ShowPageTrace Behavior [ RunTime:0.001153s ]
INFO: [ view_end ] --END-- [ RunTime:0.001235s ]

[ 2013-05-21T16:49:46+08:00 ] ERR: (ThinkException) 无法加载模块:Public
[ 2013-05-21T16:49:46+08:00 ] 192.168.11.101 /home/index/checkcode/
INFO: [ route_check ] --START--
INFO: Run CheckRoute Behavior [ RunTime:0.000792s ]
INFO: [ route_check ] --END-- [ RunTime:0.000904s ]
INFO: [ app_begin ] --START--
INFO: Run CheckLang Behavior [ RunTime:0.000710s ]
INFO: [ app_begin ] --END-- [ RunTime:0.000785s ]
INFO: [ view_template ] --START--
INFO: Run LocationTemplate Behavior [ RunTime:0.000324s ]
INFO: [ view_template ] --END-- [ RunTime:0.000397s ]
INFO: [ view_parse ] --START--
INFO: Run ParseTemplate Behavior [ RunTime:0.015982s ]
INFO: [ view_parse ] --END-- [ RunTime:0.016134s ]
INFO: [ view_filter ] --START--
INFO: Run ContentReplace Behavior [ RunTime:0.000461s ]
INFO: Run TokenBuild Behavior [ RunTime:0.000335s ]
INFO: Run WriteHtmlCache Behavior [ RunTime:0.000228s ]
INFO: Run ShowRuntime Behavior [ RunTime:0.000405s ]
INFO: [ view_filter ] --END-- [ RunTime:0.001619s ]
INFO: [ view_end ] --START--
INFO: Run ShowPageTrace Behavior [ RunTime:0.000539s ]
INFO: [ view_end ] --END-- [ RunTime:0.000601s ]

[ 2013-05-21T16:49:46+08:00 ] ERR: (ThinkException) 无法加载模块:Favicon
[ 2013-05-21T16:49:47+08:00 ] ERR: (ThinkException) 无法加载模块:Login
[ 2013-05-21T16:50:03+08:00 ] ERR: (ThinkException) 无法加载模块:Favicon
[ 2013-05-21T16:50:04+08:00 ] 192.168.11.101 /home/index/regindex/error/1
INFO: [ route_check ] --START--
INFO: Run CheckRoute Behavior [ RunTime:0.000921s ]
INFO: [ route_check ] --END-- [ RunTime:0.001059s ]
INFO: [ app_begin ] --START--
INFO: Run CheckLang Behavior [ RunTime:0.000746s ]
INFO: [ app_begin ] --END-- [ RunTime:0.000825s ]
INFO: [ view_template ] --START--
INFO: Run LocationTemplate Behavior [ RunTime:0.000867s ]
INFO: [ view_template ] --END-- [ RunTime:0.000949s ]
INFO: [ view_parse ] --START--
NOTIC: [8] Undefined variable: error D:\wamp\www\home\Runtime\Cache\04f5d77c3b56ff048f3f3a757e1f1f68.php 第 67 行.
INFO: Run ParseTemplate Behavior [ RunTime:0.009132s ]
INFO: [ view_parse ] --END-- [ RunTime:0.009222s ]
INFO: [ view_filter ] --START--
INFO: Run ContentReplace Behavior [ RunTime:0.000445s ]
INFO: Run TokenBuild Behavior [ RunTime:0.000441s ]
INFO: Run WriteHtmlCache Behavior [ RunTime:0.000278s ]
INFO: Run ShowRuntime Behavior [ RunTime:0.000484s ]
INFO: [ view_filter ] --END-- [ RunTime:0.001861s ]
INFO: [ view_end ] --START--
INFO: Run ShowPageTrace Behavior [ RunTime:0.000726s ]
INFO: [ view_end ] --END-- [ RunTime:0.000809s ]

[ 2013-05-21T16:50:04+08:00 ] ERR: (ThinkException) 无法加载模块:Public
[ 2013-05-21T16:50:04+08:00 ] ERR: (ThinkException) 无法加载模块:Favicon
[ 2013-05-21T16:50:05+08:00 ] 192.168.11.101 /home/
INFO: [ app_begin ] --START--
INFO: Run CheckLang Behavior [ RunTime:0.000831s ]
INFO: [ app_begin ] --END-- [ RunTime:0.000950s ]
INFO: [ view_template ] --START--
INFO: Run LocationTemplate Behavior [ RunTime:0.000896s ]
INFO: [ view_template ] --END-- [ RunTime:0.000986s ]
INFO: [ view_parse ] --START--
NOTIC: [8] Undefined variable: name D:\wamp\www\home\Runtime\Cache\2f4fe97b6cc0c77ca24b7f0c1b4979be.php 第 27 行.
NOTIC: [8] Undefined variable: pwd D:\wamp\www\home\Runtime\Cache\2f4fe97b6cc0c77ca24b7f0c1b4979be.php 第 35 行.
NOTIC: [8] Undefined variable: error D:\wamp\www\home\Runtime\Cache\2f4fe97b6cc0c77ca24b7f0c1b4979be.php 第 60 行.
INFO: Run ParseTemplate Behavior [ RunTime:0.008814s ]
INFO: [ view_parse ] --END-- [ RunTime:0.008904s ]
INFO: [ view_filter ] --START--
INFO: Run ContentReplace Behavior [ RunTime:0.000393s ]
INFO: Run TokenBuild Behavior [ RunTime:0.000389s ]
INFO: Run WriteHtmlCache Behavior [ RunTime:0.000259s ]
INFO: Run ShowRuntime Behavior [ RunTime:0.000481s ]
INFO: [ view_filter ] --END-- [ RunTime:0.001724s ]
INFO: [ view_end ] --START--
INFO: Run ShowPageTrace Behavior [ RunTime:0.000620s ]
INFO: [ view_end ] --END-- [ RunTime:0.000693s ]

[ 2013-05-21T16:50:05+08:00 ] 192.168.11.101 /home/index/checkcode/
INFO: [ route_check ] --START--
INFO: Run CheckRoute Behavior [ RunTime:0.000720s ]
INFO: [ route_check ] --END-- [ RunTime:0.000813s ]
INFO: [ app_begin ] --START--
INFO: Run CheckLang Behavior [ RunTime:0.000595s ]
INFO: [ app_begin ] --END-- [ RunTime:0.000681s ]
INFO: [ view_template ] --START--
INFO: Run LocationTemplate Behavior [ RunTime:0.000793s ]
INFO: [ view_template ] --END-- [ RunTime:0.000973s ]
INFO: [ view_parse ] --START--
INFO: Run ParseTemplate Behavior [ RunTime:0.010379s ]
INFO: [ view_parse ] --END-- [ RunTime:0.010498s ]
INFO: [ view_filter ] --START--
INFO: Run ContentReplace Behavior [ RunTime:0.000339s ]
INFO: Run TokenBuild Behavior [ RunTime:0.000309s ]
INFO: Run WriteHtmlCache Behavior [ RunTime:0.000207s ]
INFO: Run ShowRuntime Behavior [ RunTime:0.000410s ]
INFO: [ view_filter ] --END-- [ RunTime:0.001438s ]
INFO: [ view_end ] --START--
INFO: Run ShowPageTrace Behavior [ RunTime:0.000524s ]
INFO: [ view_end ] --END-- [ RunTime:0.000586s ]

[ 2013-05-21T16:50:05+08:00 ] ERR: (ThinkException) 无法加载模块:Favicon
[ 2013-05-21T16:50:07+08:00 ] 192.168.11.101 /home/index/reg/
INFO: [ route_check ] --START--
INFO: Run CheckRoute Behavior [ RunTime:0.001096s ]
INFO: [ route_check ] --END-- [ RunTime:0.001261s ]
INFO: [ app_begin ] --START--
INFO: Run CheckLang Behavior [ RunTime:0.000984s ]
INFO: [ app_begin ] --END-- [ RunTime:0.001108s ]

[ 2013-05-21T16:50:07+08:00 ] 192.168.11.101 /home/index/regindex/error/1
INFO: [ route_check ] --START--
INFO: Run CheckRoute Behavior [ RunTime:0.000867s ]
INFO: [ route_check ] --END-- [ RunTime:0.001014s ]
INFO: [ app_begin ] --START--
INFO: Run CheckLang Behavior [ RunTime:0.000768s ]
INFO: [ app_begin ] --END-- [ RunTime:0.000860s ]
INFO: [ view_template ] --START--
INFO: Run LocationTemplate Behavior [ RunTime:0.000383s ]
INFO: [ view_template ] --END-- [ RunTime:0.000467s ]
INFO: [ view_parse ] --START--
NOTIC: [8] Undefined variable: error D:\wamp\www\home\Runtime\Cache\04f5d77c3b56ff048f3f3a757e1f1f68.php 第 67 行.
INFO: Run ParseTemplate Behavior [ RunTime:0.008382s ]
INFO: [ view_parse ] --END-- [ RunTime:0.008476s ]
INFO: [ view_filter ] --START--
INFO: Run ContentReplace Behavior [ RunTime:0.000440s ]
INFO: Run TokenBuild Behavior [ RunTime:0.000392s ]
INFO: Run WriteHtmlCache Behavior [ RunTime:0.000295s ]
INFO: Run ShowRuntime Behavior [ RunTime:0.000468s ]
INFO: [ view_filter ] --END-- [ RunTime:0.001829s ]
INFO: [ view_end ] --START--
INFO: Run ShowPageTrace Behavior [ RunTime:0.000622s ]
INFO: [ view_end ] --END-- [ RunTime:0.000707s ]

[ 2013-05-21T16:50:07+08:00 ] ERR: (ThinkException) 无法加载模块:Public
[ 2013-05-21T16:50:07+08:00 ] 192.168.11.101 /home/index/checkcode/
INFO: [ route_check ] --START--
INFO: Run CheckRoute Behavior [ RunTime:0.000832s ]
INFO: [ route_check ] --END-- [ RunTime:0.000960s ]
INFO: [ app_begin ] --START--
INFO: Run CheckLang Behavior [ RunTime:0.000742s ]
INFO: [ app_begin ] --END-- [ RunTime:0.000840s ]
INFO: [ view_template ] --START--
INFO: Run LocationTemplate Behavior [ RunTime:0.000377s ]
INFO: [ view_template ] --END-- [ RunTime:0.000463s ]
INFO: [ view_parse ] --START--
INFO: Run ParseTemplate Behavior [ RunTime:0.012908s ]
INFO: [ view_parse ] --END-- [ RunTime:0.013102s ]
INFO: [ view_filter ] --START--
INFO: Run ContentReplace Behavior [ RunTime:0.000702s ]
INFO: Run TokenBuild Behavior [ RunTime:0.000764s ]
INFO: Run WriteHtmlCache Behavior [ RunTime:0.000400s ]
INFO: Run ShowRuntime Behavior [ RunTime:0.000451s ]
INFO: [ view_filter ] --END-- [ RunTime:0.002666s ]
INFO: [ view_end ] --START--
INFO: Run ShowPageTrace Behavior [ RunTime:0.000641s ]
INFO: [ view_end ] --END-- [ RunTime:0.000726s ]

[ 2013-05-21T16:50:07+08:00 ] ERR: (ThinkException) 无法加载模块:Favicon
[ 2013-05-21T16:50:08+08:00 ] 192.168.11.101 /home/
INFO: [ app_begin ] --START--
INFO: Run CheckLang Behavior [ RunTime:0.000745s ]
INFO: [ app_begin ] --END-- [ RunTime:0.000847s ]
INFO: [ view_template ] --START--
INFO: Run LocationTemplate Behavior [ RunTime:0.000380s ]
INFO: [ view_template ] --END-- [ RunTime:0.000461s ]
INFO: [ view_parse ] --START--
NOTIC: [8] Undefined variable: name D:\wamp\www\home\Runtime\Cache\2f4fe97b6cc0c77ca24b7f0c1b4979be.php 第 27 行.
NOTIC: [8] Undefined variable: pwd D:\wamp\www\home\Runtime\Cache\2f4fe97b6cc0c77ca24b7f0c1b4979be.php 第 35 行.
NOTIC: [8] Undefined variable: error D:\wamp\www\home\Runtime\Cache\2f4fe97b6cc0c77ca24b7f0c1b4979be.php 第 60 行.
INFO: Run ParseTemplate Behavior [ RunTime:0.008682s ]
INFO: [ view_parse ] --END-- [ RunTime:0.008772s ]
INFO: [ view_filter ] --START--
INFO: Run ContentReplace Behavior [ RunTime:0.000400s ]
INFO: Run TokenBuild Behavior [ RunTime:0.000393s ]
INFO: Run WriteHtmlCache Behavior [ RunTime:0.000265s ]
INFO: Run ShowRuntime Behavior [ RunTime:0.000478s ]
INFO: [ view_filter ] --END-- [ RunTime:0.001740s ]
INFO: [ view_end ] --START--
INFO: Run ShowPageTrace Behavior [ RunTime:0.000615s ]
INFO: [ view_end ] --END-- [ RunTime:0.000689s ]

[ 2013-05-21T16:50:09+08:00 ] 192.168.11.101 /home/index/checkcode/
INFO: [ route_check ] --START--
INFO: Run CheckRoute Behavior [ RunTime:0.000792s ]
INFO: [ route_check ] --END-- [ RunTime:0.000905s ]
INFO: [ app_begin ] --START--
INFO: Run CheckLang Behavior [ RunTime:0.000838s ]
INFO: [ app_begin ] --END-- [ RunTime:0.000957s ]
INFO: [ view_template ] --START--
INFO: Run LocationTemplate Behavior [ RunTime:0.000405s ]
INFO: [ view_template ] --END-- [ RunTime:0.000494s ]
INFO: [ view_parse ] --START--
INFO: Run ParseTemplate Behavior [ RunTime:0.008873s ]
INFO: [ view_parse ] --END-- [ RunTime:0.008978s ]
INFO: [ view_filter ] --START--
INFO: Run ContentReplace Behavior [ RunTime:0.000341s ]
INFO: Run TokenBuild Behavior [ RunTime:0.000332s ]
INFO: Run WriteHtmlCache Behavior [ RunTime:0.000210s ]
INFO: Run ShowRuntime Behavior [ RunTime:0.000379s ]
INFO: [ view_filter ] --END-- [ RunTime:0.001427s ]
INFO: [ view_end ] --START--
INFO: Run ShowPageTrace Behavior [ RunTime:0.000751s ]
INFO: [ view_end ] --END-- [ RunTime:0.000858s ]

[ 2013-05-21T16:50:09+08:00 ] ERR: (ThinkException) 无法加载模块:Favicon
[ 2013-05-21T16:50:09+08:00 ] 192.168.11.101 /home/index/reg/
INFO: [ route_check ] --START--
INFO: Run CheckRoute Behavior [ RunTime:0.000874s ]
INFO: [ route_check ] --END-- [ RunTime:0.000991s ]
INFO: [ app_begin ] --START--
INFO: Run CheckLang Behavior [ RunTime:0.000777s ]
INFO: [ app_begin ] --END-- [ RunTime:0.000858s ]

[ 2013-05-21T16:50:09+08:00 ] 192.168.11.101 /home/index/regindex/error/1
INFO: [ route_check ] --START--
INFO: Run CheckRoute Behavior [ RunTime:0.000796s ]
INFO: [ route_check ] --END-- [ RunTime:0.000889s ]
INFO: [ app_begin ] --START--
INFO: Run CheckLang Behavior [ RunTime:0.000638s ]
INFO: [ app_begin ] --END-- [ RunTime:0.000703s ]
INFO: [ view_template ] --START--
INFO: Run LocationTemplate Behavior [ RunTime:0.000305s ]
INFO: [ view_template ] --END-- [ RunTime:0.000369s ]
INFO: [ view_parse ] --START--
NOTIC: [8] Undefined variable: error D:\wamp\www\home\Runtime\Cache\04f5d77c3b56ff048f3f3a757e1f1f68.php 第 67 行.
INFO: Run ParseTemplate Behavior [ RunTime:0.007483s ]
INFO: [ view_parse ] --END-- [ RunTime:0.007561s ]
INFO: [ view_filter ] --START--
INFO: Run ContentReplace Behavior [ RunTime:0.000351s ]
INFO: Run TokenBuild Behavior [ RunTime:0.000340s ]
INFO: Run WriteHtmlCache Behavior [ RunTime:0.000230s ]
INFO: Run ShowRuntime Behavior [ RunTime:0.000393s ]
INFO: [ view_filter ] --END-- [ RunTime:0.001486s ]
INFO: [ view_end ] --START--
INFO: Run ShowPageTrace Behavior [ RunTime:0.000520s ]
INFO: [ view_end ] --END-- [ RunTime:0.000579s ]

[ 2013-05-21T16:50:10+08:00 ] ERR: (ThinkException) 无法加载模块:Public
[ 2013-05-21T16:50:10+08:00 ] 192.168.11.101 /home/index/checkcode/
INFO: [ route_check ] --START--
INFO: Run CheckRoute Behavior [ RunTime:0.000780s ]
INFO: [ route_check ] --END-- [ RunTime:0.000885s ]
INFO: [ app_begin ] --START--
INFO: Run CheckLang Behavior [ RunTime:0.000620s ]
INFO: [ app_begin ] --END-- [ RunTime:0.000685s ]
INFO: [ view_template ] --START--
INFO: Run LocationTemplate Behavior [ RunTime:0.000318s ]
INFO: [ view_template ] --END-- [ RunTime:0.000382s ]
INFO: [ view_parse ] --START--
INFO: Run ParseTemplate Behavior [ RunTime:0.009600s ]
INFO: [ view_parse ] --END-- [ RunTime:0.009709s ]
INFO: [ view_filter ] --START--
INFO: Run ContentReplace Behavior [ RunTime:0.000393s ]
INFO: Run TokenBuild Behavior [ RunTime:0.000335s ]
INFO: Run WriteHtmlCache Behavior [ RunTime:0.000272s ]
INFO: Run ShowRuntime Behavior [ RunTime:0.000428s ]
INFO: [ view_filter ] --END-- [ RunTime:0.001625s ]
INFO: [ view_end ] --START--
INFO: Run ShowPageTrace Behavior [ RunTime:0.000576s ]
INFO: [ view_end ] --END-- [ RunTime:0.000639s ]

[ 2013-05-21T16:50:10+08:00 ] ERR: (ThinkException) 无法加载模块:Favicon
[ 2013-05-21T16:50:10+08:00 ] 192.168.11.101 /home/
INFO: [ app_begin ] --START--
INFO: Run CheckLang Behavior [ RunTime:0.000782s ]
INFO: [ app_begin ] --END-- [ RunTime:0.000892s ]
INFO: [ view_template ] --START--
INFO: Run LocationTemplate Behavior [ RunTime:0.000378s ]
INFO: [ view_template ] --END-- [ RunTime:0.000460s ]
INFO: [ view_parse ] --START--
NOTIC: [8] Undefined variable: name D:\wamp\www\home\Runtime\Cache\2f4fe97b6cc0c77ca24b7f0c1b4979be.php 第 27 行.
NOTIC: [8] Undefined variable: pwd D:\wamp\www\home\Runtime\Cache\2f4fe97b6cc0c77ca24b7f0c1b4979be.php 第 35 行.
NOTIC: [8] Undefined variable: error D:\wamp\www\home\Runtime\Cache\2f4fe97b6cc0c77ca24b7f0c1b4979be.php 第 60 行.
INFO: Run ParseTemplate Behavior [ RunTime:0.008446s ]
INFO: [ view_parse ] --END-- [ RunTime:0.008532s ]
INFO: [ view_filter ] --START--
INFO: Run ContentReplace Behavior [ RunTime:0.000463s ]
INFO: Run TokenBuild Behavior [ RunTime:0.000440s ]
INFO: Run WriteHtmlCache Behavior [ RunTime:0.000331s ]
INFO: Run ShowRuntime Behavior [ RunTime:0.000492s ]
INFO: [ view_filter ] --END-- [ RunTime:0.001989s ]
INFO: [ view_end ] --START--
INFO: Run ShowPageTrace Behavior [ RunTime:0.000612s ]
INFO: [ view_end ] --END-- [ RunTime:0.000684s ]

[ 2013-05-21T16:50:11+08:00 ] 192.168.11.101 /home/index/checkcode/
INFO: [ route_check ] --START--
INFO: Run CheckRoute Behavior [ RunTime:0.000855s ]
INFO: [ route_check ] --END-- [ RunTime:0.000973s ]
INFO: [ app_begin ] --START--
INFO: Run CheckLang Behavior [ RunTime:0.000767s ]
INFO: [ app_begin ] --END-- [ RunTime:0.000846s ]
INFO: [ view_template ] --START--
INFO: Run LocationTemplate Behavior [ RunTime:0.000393s ]
INFO: [ view_template ] --END-- [ RunTime:0.000480s ]
INFO: [ view_parse ] --START--
INFO: Run ParseTemplate Behavior [ RunTime:0.009318s ]
INFO: [ view_parse ] --END-- [ RunTime:0.009444s ]
INFO: [ view_filter ] --START--
INFO: Run ContentReplace Behavior [ RunTime:0.000493s ]
INFO: Run TokenBuild Behavior [ RunTime:0.000484s ]
INFO: Run WriteHtmlCache Behavior [ RunTime:0.000271s ]
INFO: Run ShowRuntime Behavior [ RunTime:0.000609s ]
INFO: [ view_filter ] --END-- [ RunTime:0.002157s ]
INFO: [ view_end ] --START--
INFO: Run ShowPageTrace Behavior [ RunTime:0.000612s ]
INFO: [ view_end ] --END-- [ RunTime:0.000687s ]

[ 2013-05-21T16:50:11+08:00 ] ERR: (ThinkException) 无法加载模块:Favicon
[ 2013-05-21T16:50:12+08:00 ] 192.168.11.101 /home/index/reg/
INFO: [ route_check ] --START--
INFO: Run CheckRoute Behavior [ RunTime:0.000728s ]
INFO: [ route_check ] --END-- [ RunTime:0.000825s ]
INFO: [ app_begin ] --START--
INFO: Run CheckLang Behavior [ RunTime:0.000590s ]
INFO: [ app_begin ] --END-- [ RunTime:0.000656s ]

[ 2013-05-21T16:50:12+08:00 ] 192.168.11.101 /home/index/regindex/error/1
INFO: [ route_check ] --START--
INFO: Run CheckRoute Behavior [ RunTime:0.000736s ]
INFO: [ route_check ] --END-- [ RunTime:0.000832s ]
INFO: [ app_begin ] --START--
INFO: Run CheckLang Behavior [ RunTime:0.000600s ]
INFO: [ app_begin ] --END-- [ RunTime:0.000677s ]
INFO: [ view_template ] --START--
INFO: Run LocationTemplate Behavior [ RunTime:0.000305s ]
INFO: [ view_template ] --END-- [ RunTime:0.000380s ]
INFO: [ view_parse ] --START--
NOTIC: [8] Undefined variable: error D:\wamp\www\home\Runtime\Cache\04f5d77c3b56ff048f3f3a757e1f1f68.php 第 67 行.
INFO: Run ParseTemplate Behavior [ RunTime:0.007346s ]
INFO: [ view_parse ] --END-- [ RunTime:0.007422s ]
INFO: [ view_filter ] --START--
INFO: Run ContentReplace Behavior [ RunTime:0.000341s ]
INFO: Run TokenBuild Behavior [ RunTime:0.000333s ]
INFO: Run WriteHtmlCache Behavior [ RunTime:0.000217s ]
INFO: Run ShowRuntime Behavior [ RunTime:0.000407s ]
INFO: [ view_filter ] --END-- [ RunTime:0.001474s ]
INFO: [ view_end ] --START--
INFO: Run ShowPageTrace Behavior [ RunTime:0.000523s ]
INFO: [ view_end ] --END-- [ RunTime:0.000582s ]

[ 2013-05-21T16:50:12+08:00 ] ERR: (ThinkException) 无法加载模块:Public
[ 2013-05-21T16:50:12+08:00 ] 192.168.11.101 /home/index/checkcode/
INFO: [ route_check ] --START--
INFO: Run CheckRoute Behavior [ RunTime:0.000991s ]
INFO: [ route_check ] --END-- [ RunTime:0.001191s ]
INFO: [ app_begin ] --START--
INFO: Run CheckLang Behavior [ RunTime:0.001202s ]
INFO: [ app_begin ] --END-- [ RunTime:0.001339s ]
INFO: [ view_template ] --START--
INFO: Run LocationTemplate Behavior [ RunTime:0.000368s ]
INFO: [ view_template ] --END-- [ RunTime:0.000453s ]
INFO: [ view_parse ] --START--
INFO: Run ParseTemplate Behavior [ RunTime:0.009177s ]
INFO: [ view_parse ] --END-- [ RunTime:0.009276s ]
INFO: [ view_filter ] --START--
INFO: Run ContentReplace Behavior [ RunTime:0.000344s ]
INFO: Run TokenBuild Behavior [ RunTime:0.000361s ]
INFO: Run WriteHtmlCache Behavior [ RunTime:0.000223s ]
INFO: Run ShowRuntime Behavior [ RunTime:0.000404s ]
INFO: [ view_filter ] --END-- [ RunTime:0.001511s ]
INFO: [ view_end ] --START--
INFO: Run ShowPageTrace Behavior [ RunTime:0.000530s ]
INFO: [ view_end ] --END-- [ RunTime:0.000590s ]

[ 2013-05-21T16:50:12+08:00 ] ERR: (ThinkException) 无法加载模块:Favicon
[ 2013-05-21T16:50:13+08:00 ] 192.168.11.101 /home/
INFO: [ app_begin ] --START--
INFO: Run CheckLang Behavior [ RunTime:0.000837s ]
INFO: [ app_begin ] --END-- [ RunTime:0.000956s ]
INFO: [ view_template ] --START--
INFO: Run LocationTemplate Behavior [ RunTime:0.000417s ]
INFO: [ view_template ] --END-- [ RunTime:0.000513s ]
INFO: [ view_parse ] --START--
NOTIC: [8] Undefined variable: name D:\wamp\www\home\Runtime\Cache\2f4fe97b6cc0c77ca24b7f0c1b4979be.php 第 27 行.
NOTIC: [8] Undefined variable: pwd D:\wamp\www\home\Runtime\Cache\2f4fe97b6cc0c77ca24b7f0c1b4979be.php 第 35 行.
NOTIC: [8] Undefined variable: error D:\wamp\www\home\Runtime\Cache\2f4fe97b6cc0c77ca24b7f0c1b4979be.php 第 60 行.
INFO: Run ParseTemplate Behavior [ RunTime:0.008606s ]
INFO: [ view_parse ] --END-- [ RunTime:0.008689s ]
INFO: [ view_filter ] --START--
INFO: Run ContentReplace Behavior [ RunTime:0.000330s ]
INFO: Run TokenBuild Behavior [ RunTime:0.000318s ]
INFO: Run WriteHtmlCache Behavior [ RunTime:0.000216s ]
INFO: Run ShowRuntime Behavior [ RunTime:0.000391s ]
INFO: [ view_filter ] --END-- [ RunTime:0.001420s ]
INFO: [ view_end ] --START--
INFO: Run ShowPageTrace Behavior [ RunTime:0.000524s ]
INFO: [ view_end ] --END-- [ RunTime:0.000583s ]

[ 2013-05-21T16:50:13+08:00 ] 192.168.11.101 /home/index/checkcode/
INFO: [ route_check ] --START--
INFO: Run CheckRoute Behavior [ RunTime:0.000912s ]
INFO: [ route_check ] --END-- [ RunTime:0.001050s ]
INFO: [ app_begin ] --START--
INFO: Run CheckLang Behavior [ RunTime:0.000687s ]
INFO: [ app_begin ] --END-- [ RunTime:0.000755s ]
INFO: [ view_template ] --START--
INFO: Run LocationTemplate Behavior [ RunTime:0.000300s ]
INFO: [ view_template ] --END-- [ RunTime:0.000374s ]
INFO: [ view_parse ] --START--
INFO: Run ParseTemplate Behavior [ RunTime:0.010329s ]
INFO: [ view_parse ] --END-- [ RunTime:0.010500s ]
INFO: [ view_filter ] --START--
INFO: Run ContentReplace Behavior [ RunTime:0.000365s ]
INFO: Run TokenBuild Behavior [ RunTime:0.000312s ]
INFO: Run WriteHtmlCache Behavior [ RunTime:0.000209s ]
INFO: Run ShowRuntime Behavior [ RunTime:0.000583s ]
INFO: [ view_filter ] --END-- [ RunTime:0.001694s ]
INFO: [ view_end ] --START--
INFO: Run ShowPageTrace Behavior [ RunTime:0.000912s ]
INFO: [ view_end ] --END-- [ RunTime:0.001029s ]

[ 2013-05-21T16:50:14+08:00 ] ERR: (ThinkException) 无法加载模块:Favicon
[ 2013-05-21T16:50:15+08:00 ] 192.168.11.101 /home/index/reg/
INFO: [ route_check ] --START--
INFO: Run CheckRoute Behavior [ RunTime:0.000796s ]
INFO: [ route_check ] --END-- [ RunTime:0.000900s ]
INFO: [ app_begin ] --START--
INFO: Run CheckLang Behavior [ RunTime:0.000640s ]
INFO: [ app_begin ] --END-- [ RunTime:0.000704s ]

[ 2013-05-21T16:50:15+08:00 ] 192.168.11.101 /home/index/regindex/error/1
INFO: [ route_check ] --START--
INFO: Run CheckRoute Behavior [ RunTime:0.000721s ]
INFO: [ route_check ] --END-- [ RunTime:0.000808s ]
INFO: [ app_begin ] --START--
INFO: Run CheckLang Behavior [ RunTime:0.000607s ]
INFO: [ app_begin ] --END-- [ RunTime:0.000672s ]
INFO: [ view_template ] --START--
INFO: Run LocationTemplate Behavior [ RunTime:0.000302s ]
INFO: [ view_template ] --END-- [ RunTime:0.000365s ]
INFO: [ view_parse ] --START--
NOTIC: [8] Undefined variable: error D:\wamp\www\home\Runtime\Cache\04f5d77c3b56ff048f3f3a757e1f1f68.php 第 67 行.
INFO: Run ParseTemplate Behavior [ RunTime:0.007206s ]
INFO: [ view_parse ] --END-- [ RunTime:0.007278s ]
INFO: [ view_filter ] --START--
INFO: Run ContentReplace Behavior [ RunTime:0.000324s ]
INFO: Run TokenBuild Behavior [ RunTime:0.000312s ]
INFO: Run WriteHtmlCache Behavior [ RunTime:0.000213s ]
INFO: Run ShowRuntime Behavior [ RunTime:0.000405s ]
INFO: [ view_filter ] --END-- [ RunTime:0.001421s ]
INFO: [ view_end ] --START--
INFO: Run ShowPageTrace Behavior [ RunTime:0.000503s ]
INFO: [ view_end ] --END-- [ RunTime:0.000570s ]

[ 2013-05-21T16:50:15+08:00 ] ERR: (ThinkException) 无法加载模块:Public
[ 2013-05-21T16:50:15+08:00 ] 192.168.11.101 /home/index/checkcode/
INFO: [ route_check ] --START--
INFO: Run CheckRoute Behavior [ RunTime:0.000993s ]
INFO: [ route_check ] --END-- [ RunTime:0.001159s ]
INFO: [ app_begin ] --START--
INFO: Run CheckLang Behavior [ RunTime:0.000705s ]
INFO: [ app_begin ] --END-- [ RunTime:0.000785s ]
INFO: [ view_template ] --START--
INFO: Run LocationTemplate Behavior [ RunTime:0.000318s ]
INFO: [ view_template ] --END-- [ RunTime:0.000388s ]
INFO: [ view_parse ] --START--
INFO: Run ParseTemplate Behavior [ RunTime:0.008902s ]
INFO: [ view_parse ] --END-- [ RunTime:0.009001s ]
INFO: [ view_filter ] --START--
INFO: Run ContentReplace Behavior [ RunTime:0.000340s ]
INFO: Run TokenBuild Behavior [ RunTime:0.000333s ]
INFO: Run WriteHtmlCache Behavior [ RunTime:0.000223s ]
INFO: Run ShowRuntime Behavior [ RunTime:0.000405s ]
INFO: [ view_filter ] --END-- [ RunTime:0.001485s ]
INFO: [ view_end ] --START--
INFO: Run ShowPageTrace Behavior [ RunTime:0.000546s ]
INFO: [ view_end ] --END-- [ RunTime:0.000612s ]

[ 2013-05-21T16:50:15+08:00 ] ERR: (ThinkException) 无法加载模块:Favicon
[ 2013-05-21T16:50:20+08:00 ] 192.168.11.101 /home/
INFO: [ app_begin ] --START--
INFO: Run CheckLang Behavior [ RunTime:0.000740s ]
INFO: [ app_begin ] --END-- [ RunTime:0.000848s ]
INFO: [ view_template ] --START--
INFO: Run LocationTemplate Behavior [ RunTime:0.000383s ]
INFO: [ view_template ] --END-- [ RunTime:0.000502s ]
INFO: [ view_parse ] --START--
NOTIC: [8] Undefined variable: name D:\wamp\www\home\Runtime\Cache\2f4fe97b6cc0c77ca24b7f0c1b4979be.php 第 27 行.
NOTIC: [8] Undefined variable: pwd D:\wamp\www\home\Runtime\Cache\2f4fe97b6cc0c77ca24b7f0c1b4979be.php 第 35 行.
NOTIC: [8] Undefined variable: error D:\wamp\www\home\Runtime\Cache\2f4fe97b6cc0c77ca24b7f0c1b4979be.php 第 60 行.
INFO: Run ParseTemplate Behavior [ RunTime:0.008600s ]
INFO: [ view_parse ] --END-- [ RunTime:0.008683s ]
INFO: [ view_filter ] --START--
INFO: Run ContentReplace Behavior [ RunTime:0.000348s ]
INFO: Run TokenBuild Behavior [ RunTime:0.000319s ]
INFO: Run WriteHtmlCache Behavior [ RunTime:0.000218s ]
INFO: Run ShowRuntime Behavior [ RunTime:0.000392s ]
INFO: [ view_filter ] --END-- [ RunTime:0.001441s ]
INFO: [ view_end ] --START--
INFO: Run ShowPageTrace Behavior [ RunTime:0.000496s ]
INFO: [ view_end ] --END-- [ RunTime:0.000554s ]

[ 2013-05-21T16:50:20+08:00 ] 192.168.11.101 /home/index/checkcode/
INFO: [ route_check ] --START--
INFO: Run CheckRoute Behavior [ RunTime:0.000827s ]
INFO: [ route_check ] --END-- [ RunTime:0.000947s ]
INFO: [ app_begin ] --START--
INFO: Run CheckLang Behavior [ RunTime:0.000684s ]
INFO: [ app_begin ] --END-- [ RunTime:0.000760s ]
INFO: [ view_template ] --START--
INFO: Run LocationTemplate Behavior [ RunTime:0.000460s ]
INFO: [ view_template ] --END-- [ RunTime:0.000571s ]
INFO: [ view_parse ] --START--
INFO: Run ParseTemplate Behavior [ RunTime:0.009017s ]
INFO: [ view_parse ] --END-- [ RunTime:0.009148s ]
INFO: [ view_filter ] --START--
INFO: Run ContentReplace Behavior [ RunTime:0.000527s ]
INFO: Run TokenBuild Behavior [ RunTime:0.000516s ]
INFO: Run WriteHtmlCache Behavior [ RunTime:0.000251s ]
INFO: Run ShowRuntime Behavior [ RunTime:0.000503s ]
INFO: [ view_filter ] --END-- [ RunTime:0.002035s ]
INFO: [ view_end ] --START--
INFO: Run ShowPageTrace Behavior [ RunTime:0.000540s ]
INFO: [ view_end ] --END-- [ RunTime:0.000602s ]

[ 2013-05-21T16:50:20+08:00 ] ERR: (ThinkException) 无法加载模块:Favicon
[ 2013-05-21T16:50:21+08:00 ] 192.168.11.101 /home/index/reg/
INFO: [ route_check ] --START--
INFO: Run CheckRoute Behavior [ RunTime:0.000892s ]
INFO: [ route_check ] --END-- [ RunTime:0.001039s ]
INFO: [ app_begin ] --START--
INFO: Run CheckLang Behavior [ RunTime:0.000957s ]
INFO: [ app_begin ] --END-- [ RunTime:0.001081s ]

[ 2013-05-21T16:50:21+08:00 ] 192.168.11.101 /home/index/regindex/error/1
INFO: [ route_check ] --START--
INFO: Run CheckRoute Behavior [ RunTime:0.000709s ]
INFO: [ route_check ] --END-- [ RunTime:0.000807s ]
INFO: [ app_begin ] --START--
INFO: Run CheckLang Behavior [ RunTime:0.000587s ]
INFO: [ app_begin ] --END-- [ RunTime:0.000652s ]
INFO: [ view_template ] --START--
INFO: Run LocationTemplate Behavior [ RunTime:0.000301s ]
INFO: [ view_template ] --END-- [ RunTime:0.000367s ]
INFO: [ view_parse ] --START--
NOTIC: [8] Undefined variable: error D:\wamp\www\home\Runtime\Cache\04f5d77c3b56ff048f3f3a757e1f1f68.php 第 67 行.
INFO: Run ParseTemplate Behavior [ RunTime:0.007089s ]
INFO: [ view_parse ] --END-- [ RunTime:0.007164s ]
INFO: [ view_filter ] --START--
INFO: Run ContentReplace Behavior [ RunTime:0.000313s ]
INFO: Run TokenBuild Behavior [ RunTime:0.000311s ]
INFO: Run WriteHtmlCache Behavior [ RunTime:0.000215s ]
INFO: Run ShowRuntime Behavior [ RunTime:0.000405s ]
INFO: [ view_filter ] --END-- [ RunTime:0.001419s ]
INFO: [ view_end ] --START--
INFO: Run ShowPageTrace Behavior [ RunTime:0.000503s ]
INFO: [ view_end ] --END-- [ RunTime:0.000561s ]

[ 2013-05-21T16:50:21+08:00 ] ERR: (ThinkException) 无法加载模块:Public
[ 2013-05-21T16:50:21+08:00 ] 192.168.11.101 /home/index/checkcode/
INFO: [ route_check ] --START--
INFO: Run CheckRoute Behavior [ RunTime:0.000834s ]
INFO: [ route_check ] --END-- [ RunTime:0.001001s ]
INFO: [ app_begin ] --START--
INFO: Run CheckLang Behavior [ RunTime:0.000974s ]
INFO: [ app_begin ] --END-- [ RunTime:0.001100s ]
INFO: [ view_template ] --START--
INFO: Run LocationTemplate Behavior [ RunTime:0.000442s ]
INFO: [ view_template ] --END-- [ RunTime:0.000566s ]
INFO: [ view_parse ] --START--
INFO: Run ParseTemplate Behavior [ RunTime:0.009221s ]
INFO: [ view_parse ] --END-- [ RunTime:0.009332s ]
INFO: [ view_filter ] --START--
INFO: Run ContentReplace Behavior [ RunTime:0.000405s ]
INFO: Run TokenBuild Behavior [ RunTime:0.000310s ]
INFO: Run WriteHtmlCache Behavior [ RunTime:0.000222s ]
INFO: Run ShowRuntime Behavior [ RunTime:0.000407s ]
INFO: [ view_filter ] --END-- [ RunTime:0.001551s ]
INFO: [ view_end ] --START--
INFO: Run ShowPageTrace Behavior [ RunTime:0.000531s ]
INFO: [ view_end ] --END-- [ RunTime:0.000593s ]

[ 2013-05-21T16:50:21+08:00 ] ERR: (ThinkException) 无法加载模块:Favicon
[ 2013-05-21T16:50:21+08:00 ] 192.168.11.101 /home/
INFO: [ app_begin ] --START--
INFO: Run CheckLang Behavior [ RunTime:0.001115s ]
INFO: [ app_begin ] --END-- [ RunTime:0.001271s ]
INFO: [ view_template ] --START--
INFO: Run LocationTemplate Behavior [ RunTime:0.000397s ]
INFO: [ view_template ] --END-- [ RunTime:0.000483s ]
INFO: [ view_parse ] --START--
NOTIC: [8] Undefined variable: name D:\wamp\www\home\Runtime\Cache\2f4fe97b6cc0c77ca24b7f0c1b4979be.php 第 27 行.
NOTIC: [8] Undefined variable: pwd D:\wamp\www\home\Runtime\Cache\2f4fe97b6cc0c77ca24b7f0c1b4979be.php 第 35 行.
NOTIC: [8] Undefined variable: error D:\wamp\www\home\Runtime\Cache\2f4fe97b6cc0c77ca24b7f0c1b4979be.php 第 60 行.
INFO: Run ParseTemplate Behavior [ RunTime:0.008586s ]
INFO: [ view_parse ] --END-- [ RunTime:0.008692s ]
INFO: [ view_filter ] --START--
INFO: Run ContentReplace Behavior [ RunTime:0.000395s ]
INFO: Run TokenBuild Behavior [ RunTime:0.000375s ]
INFO: Run WriteHtmlCache Behavior [ RunTime:0.000250s ]
INFO: Run ShowRuntime Behavior [ RunTime:0.000464s ]
INFO: [ view_filter ] --END-- [ RunTime:0.001692s ]
INFO: [ view_end ] --START--
INFO: Run ShowPageTrace Behavior [ RunTime:0.000606s ]
INFO: [ view_end ] --END-- [ RunTime:0.000679s ]

[ 2013-05-21T16:50:21+08:00 ] 192.168.11.101 /home/index/checkcode/
INFO: [ route_check ] --START--
INFO: Run CheckRoute Behavior [ RunTime:0.000747s ]
INFO: [ route_check ] --END-- [ RunTime:0.000846s ]
INFO: [ app_begin ] --START--
INFO: Run CheckLang Behavior [ RunTime:0.000601s ]
INFO: [ app_begin ] --END-- [ RunTime:0.000677s ]
INFO: [ view_template ] --START--
INFO: Run LocationTemplate Behavior [ RunTime:0.000301s ]
INFO: [ view_template ] --END-- [ RunTime:0.000365s ]
INFO: [ view_parse ] --START--
INFO: Run ParseTemplate Behavior [ RunTime:0.009753s ]
INFO: [ view_parse ] --END-- [ RunTime:0.009864s ]
INFO: [ view_filter ] --START--
INFO: Run ContentReplace Behavior [ RunTime:0.000412s ]
INFO: Run TokenBuild Behavior [ RunTime:0.000345s ]
INFO: Run WriteHtmlCache Behavior [ RunTime:0.000313s ]
INFO: Run ShowRuntime Behavior [ RunTime:0.000504s ]
INFO: [ view_filter ] --END-- [ RunTime:0.001794s ]
INFO: [ view_end ] --START--
INFO: Run ShowPageTrace Behavior [ RunTime:0.000713s ]
INFO: [ view_end ] --END-- [ RunTime:0.000824s ]

[ 2013-05-21T16:50:21+08:00 ] ERR: (ThinkException) 无法加载模块:Favicon
[ 2013-05-21T16:50:23+08:00 ] 192.168.11.101 /home/index/reg/
INFO: [ route_check ] --START--
INFO: Run CheckRoute Behavior [ RunTime:0.000931s ]
INFO: [ route_check ] --END-- [ RunTime:0.001065s ]
INFO: [ app_begin ] --START--
INFO: Run CheckLang Behavior [ RunTime:0.000778s ]
INFO: [ app_begin ] --END-- [ RunTime:0.000860s ]

[ 2013-05-21T16:50:23+08:00 ] 192.168.11.101 /home/index/regindex/error/1
INFO: [ route_check ] --START--
INFO: Run CheckRoute Behavior [ RunTime:0.000878s ]
INFO: [ route_check ] --END-- [ RunTime:0.000986s ]
INFO: [ app_begin ] --START--
INFO: Run CheckLang Behavior [ RunTime:0.000616s ]
INFO: [ app_begin ] --END-- [ RunTime:0.000682s ]
INFO: [ view_template ] --START--
INFO: Run LocationTemplate Behavior [ RunTime:0.000303s ]
INFO: [ view_template ] --END-- [ RunTime:0.000376s ]
INFO: [ view_parse ] --START--
NOTIC: [8] Undefined variable: error D:\wamp\www\home\Runtime\Cache\04f5d77c3b56ff048f3f3a757e1f1f68.php 第 67 行.
INFO: Run ParseTemplate Behavior [ RunTime:0.007155s ]
INFO: [ view_parse ] --END-- [ RunTime:0.007225s ]
INFO: [ view_filter ] --START--
INFO: Run ContentReplace Behavior [ RunTime:0.000339s ]
INFO: Run TokenBuild Behavior [ RunTime:0.000350s ]
INFO: Run WriteHtmlCache Behavior [ RunTime:0.000239s ]
INFO: Run ShowRuntime Behavior [ RunTime:0.000441s ]
INFO: [ view_filter ] --END-- [ RunTime:0.001544s ]
INFO: [ view_end ] --START--
INFO: Run ShowPageTrace Behavior [ RunTime:0.000501s ]
INFO: [ view_end ] --END-- [ RunTime:0.000559s ]

[ 2013-05-21T16:50:23+08:00 ] ERR: (ThinkException) 无法加载模块:Public
[ 2013-05-21T16:50:23+08:00 ] 192.168.11.101 /home/index/checkcode/
INFO: [ route_check ] --START--
INFO: Run CheckRoute Behavior [ RunTime:0.000978s ]
INFO: [ route_check ] --END-- [ RunTime:0.001170s ]
INFO: [ app_begin ] --START--
INFO: Run CheckLang Behavior [ RunTime:0.000769s ]
INFO: [ app_begin ] --END-- [ RunTime:0.000878s ]
INFO: [ view_template ] --START--
INFO: Run LocationTemplate Behavior [ RunTime:0.000547s ]
INFO: [ view_template ] --END-- [ RunTime:0.000659s ]
INFO: [ view_parse ] --START--
INFO: Run ParseTemplate Behavior [ RunTime:0.009059s ]
INFO: [ view_parse ] --END-- [ RunTime:0.009165s ]
INFO: [ view_filter ] --START--
INFO: Run ContentReplace Behavior [ RunTime:0.000345s ]
INFO: Run TokenBuild Behavior [ RunTime:0.000335s ]
INFO: Run WriteHtmlCache Behavior [ RunTime:0.000224s ]
INFO: Run ShowRuntime Behavior [ RunTime:0.000407s ]
INFO: [ view_filter ] --END-- [ RunTime:0.001497s ]
INFO: [ view_end ] --START--
INFO: Run ShowPageTrace Behavior [ RunTime:0.000529s ]
INFO: [ view_end ] --END-- [ RunTime:0.000591s ]

[ 2013-05-21T16:50:23+08:00 ] ERR: (ThinkException) 无法加载模块:Favicon
[ 2013-05-21T16:50:33+08:00 ] 192.168.11.101 /home/
INFO: [ app_begin ] --START--
INFO: Run CheckLang Behavior [ RunTime:0.000736s ]
INFO: [ app_begin ] --END-- [ RunTime:0.000836s ]
INFO: [ view_template ] --START--
INFO: Run LocationTemplate Behavior [ RunTime:0.000376s ]
INFO: [ view_template ] --END-- [ RunTime:0.000458s ]
INFO: [ view_parse ] --START--
NOTIC: [8] Undefined variable: name D:\wamp\www\home\Runtime\Cache\2f4fe97b6cc0c77ca24b7f0c1b4979be.php 第 27 行.
NOTIC: [8] Undefined variable: pwd D:\wamp\www\home\Runtime\Cache\2f4fe97b6cc0c77ca24b7f0c1b4979be.php 第 35 行.
NOTIC: [8] Undefined variable: error D:\wamp\www\home\Runtime\Cache\2f4fe97b6cc0c77ca24b7f0c1b4979be.php 第 60 行.
INFO: Run ParseTemplate Behavior [ RunTime:0.008588s ]
INFO: [ view_parse ] --END-- [ RunTime:0.008679s ]
INFO: [ view_filter ] --START--
INFO: Run ContentReplace Behavior [ RunTime:0.000400s ]
INFO: Run TokenBuild Behavior [ RunTime:0.000391s ]
INFO: Run WriteHtmlCache Behavior [ RunTime:0.000264s ]
INFO: Run ShowRuntime Behavior [ RunTime:0.000489s ]
INFO: [ view_filter ] --END-- [ RunTime:0.001746s ]
INFO: [ view_end ] --START--
INFO: Run ShowPageTrace Behavior [ RunTime:0.000618s ]
INFO: [ view_end ] --END-- [ RunTime:0.000690s ]

[ 2013-05-21T16:50:34+08:00 ] 192.168.11.101 /home/index/checkcode/
INFO: [ route_check ] --START--
INFO: Run CheckRoute Behavior [ RunTime:0.000862s ]
INFO: [ route_check ] --END-- [ RunTime:0.000977s ]
INFO: [ app_begin ] --START--
INFO: Run CheckLang Behavior [ RunTime:0.000723s ]
INFO: [ app_begin ] --END-- [ RunTime:0.000807s ]
INFO: [ view_template ] --START--
INFO: Run LocationTemplate Behavior [ RunTime:0.000401s ]
INFO: [ view_template ] --END-- [ RunTime:0.000487s ]
INFO: [ view_parse ] --START--
INFO: Run ParseTemplate Behavior [ RunTime:0.009212s ]
INFO: [ view_parse ] --END-- [ RunTime:0.009302s ]
INFO: [ view_filter ] --START--
INFO: Run ContentReplace Behavior [ RunTime:0.000357s ]
INFO: Run TokenBuild Behavior [ RunTime:0.000404s ]
INFO: Run WriteHtmlCache Behavior [ RunTime:0.000331s ]
INFO: Run ShowRuntime Behavior [ RunTime:0.000528s ]
INFO: [ view_filter ] --END-- [ RunTime:0.001881s ]
INFO: [ view_end ] --START--
INFO: Run ShowPageTrace Behavior [ RunTime:0.000687s ]
INFO: [ view_end ] --END-- [ RunTime:0.000775s ]

[ 2013-05-21T16:50:34+08:00 ] ERR: (ThinkException) 无法加载模块:Favicon
[ 2013-05-21T16:50:35+08:00 ] 192.168.11.101 /home/index/reg/
INFO: [ route_check ] --START--
INFO: Run CheckRoute Behavior [ RunTime:0.000952s ]
INFO: [ route_check ] --END-- [ RunTime:0.001096s ]
INFO: [ app_begin ] --START--
INFO: Run CheckLang Behavior [ RunTime:0.000832s ]
INFO: [ app_begin ] --END-- [ RunTime:0.000930s ]

[ 2013-05-21T16:50:35+08:00 ] 192.168.11.101 /home/index/regindex/error/1
INFO: [ route_check ] --START--
INFO: Run CheckRoute Behavior [ RunTime:0.000712s ]
INFO: [ route_check ] --END-- [ RunTime:0.000811s ]
INFO: [ app_begin ] --START--
INFO: Run CheckLang Behavior [ RunTime:0.000586s ]
INFO: [ app_begin ] --END-- [ RunTime:0.000652s ]
INFO: [ view_template ] --START--
INFO: Run LocationTemplate Behavior [ RunTime:0.000302s ]
INFO: [ view_template ] --END-- [ RunTime:0.000365s ]
INFO: [ view_parse ] --START--
NOTIC: [8] Undefined variable: error D:\wamp\www\home\Runtime\Cache\04f5d77c3b56ff048f3f3a757e1f1f68.php 第 67 行.
INFO: Run ParseTemplate Behavior [ RunTime:0.007146s ]
INFO: [ view_parse ] --END-- [ RunTime:0.007216s ]
INFO: [ view_filter ] --START--
INFO: Run ContentReplace Behavior [ RunTime:0.000315s ]
INFO: Run TokenBuild Behavior [ RunTime:0.000314s ]
INFO: Run WriteHtmlCache Behavior [ RunTime:0.000234s ]
INFO: Run ShowRuntime Behavior [ RunTime:0.000389s ]
INFO: [ view_filter ] --END-- [ RunTime:0.001415s ]
INFO: [ view_end ] --START--
INFO: Run ShowPageTrace Behavior [ RunTime:0.000501s ]
INFO: [ view_end ] --END-- [ RunTime:0.000558s ]

[ 2013-05-21T16:50:35+08:00 ] ERR: (ThinkException) 无法加载模块:Public
[ 2013-05-21T16:50:35+08:00 ] 192.168.11.101 /home/index/checkcode/
INFO: [ route_check ] --START--
INFO: Run CheckRoute Behavior [ RunTime:0.000718s ]
INFO: [ route_check ] --END-- [ RunTime:0.000811s ]
INFO: [ app_begin ] --START--
INFO: Run CheckLang Behavior [ RunTime:0.000603s ]
INFO: [ app_begin ] --END-- [ RunTime:0.000667s ]
INFO: [ view_template ] --START--
INFO: Run LocationTemplate Behavior [ RunTime:0.000297s ]
INFO: [ view_template ] --END-- [ RunTime:0.000360s ]
INFO: [ view_parse ] --START--
INFO: Run ParseTemplate Behavior [ RunTime:0.010857s ]
INFO: [ view_parse ] --END-- [ RunTime:0.010971s ]
INFO: [ view_filter ] --START--
INFO: Run ContentReplace Behavior [ RunTime:0.000382s ]
INFO: Run TokenBuild Behavior [ RunTime:0.000332s ]
INFO: Run WriteHtmlCache Behavior [ RunTime:0.000223s ]
INFO: Run ShowRuntime Behavior [ RunTime:0.000404s ]
INFO: [ view_filter ] --END-- [ RunTime:0.001522s ]
INFO: [ view_end ] --START--
INFO: Run ShowPageTrace Behavior [ RunTime:0.000530s ]
INFO: [ view_end ] --END-- [ RunTime:0.000590s ]

[ 2013-05-21T16:50:35+08:00 ] ERR: (ThinkException) 无法加载模块:Favicon
[ 2013-05-21T16:50:36+08:00 ] 192.168.11.101 /home/
INFO: [ app_begin ] --START--
INFO: Run CheckLang Behavior [ RunTime:0.000742s ]
INFO: [ app_begin ] --END-- [ RunTime:0.000846s ]
INFO: [ view_template ] --START--
INFO: Run LocationTemplate Behavior [ RunTime:0.000374s ]
INFO: [ view_template ] --END-- [ RunTime:0.000456s ]
INFO: [ view_parse ] --START--
NOTIC: [8] Undefined variable: name D:\wamp\www\home\Runtime\Cache\2f4fe97b6cc0c77ca24b7f0c1b4979be.php 第 27 行.
NOTIC: [8] Undefined variable: pwd D:\wamp\www\home\Runtime\Cache\2f4fe97b6cc0c77ca24b7f0c1b4979be.php 第 35 行.
NOTIC: [8] Undefined variable: error D:\wamp\www\home\Runtime\Cache\2f4fe97b6cc0c77ca24b7f0c1b4979be.php 第 60 行.
INFO: Run ParseTemplate Behavior [ RunTime:0.008562s ]
INFO: [ view_parse ] --END-- [ RunTime:0.008653s ]
INFO: [ view_filter ] --START--
INFO: Run ContentReplace Behavior [ RunTime:0.000425s ]
INFO: Run TokenBuild Behavior [ RunTime:0.000406s ]
INFO: Run WriteHtmlCache Behavior [ RunTime:0.000266s ]
INFO: Run ShowRuntime Behavior [ RunTime:0.000482s ]
INFO: [ view_filter ] --END-- [ RunTime:0.001789s ]
INFO: [ view_end ] --START--
INFO: Run ShowPageTrace Behavior [ RunTime:0.000619s ]
INFO: [ view_end ] --END-- [ RunTime:0.000692s ]

[ 2013-05-21T16:50:36+08:00 ] 192.168.11.101 /home/index/checkcode/
INFO: [ route_check ] --START--
INFO: Run CheckRoute Behavior [ RunTime:0.000887s ]
INFO: [ route_check ] --END-- [ RunTime:0.001021s ]
INFO: [ app_begin ] --START--
INFO: Run CheckLang Behavior [ RunTime:0.000897s ]
INFO: [ app_begin ] --END-- [ RunTime:0.001022s ]
INFO: [ view_template ] --START--
INFO: Run LocationTemplate Behavior [ RunTime:0.000321s ]
INFO: [ view_template ] --END-- [ RunTime:0.000391s ]
INFO: [ view_parse ] --START--
INFO: Run ParseTemplate Behavior [ RunTime:0.009004s ]
INFO: [ view_parse ] --END-- [ RunTime:0.009123s ]
INFO: [ view_filter ] --START--
INFO: Run ContentReplace Behavior [ RunTime:0.000409s ]
INFO: Run TokenBuild Behavior [ RunTime:0.000492s ]
INFO: Run WriteHtmlCache Behavior [ RunTime:0.000265s ]
INFO: Run ShowRuntime Behavior [ RunTime:0.000428s ]
INFO: [ view_filter ] --END-- [ RunTime:0.001822s ]
INFO: [ view_end ] --START--
INFO: Run ShowPageTrace Behavior [ RunTime:0.000620s ]
INFO: [ view_end ] --END-- [ RunTime:0.000693s ]

[ 2013-05-21T16:50:36+08:00 ] ERR: (ThinkException) 无法加载模块:Favicon
[ 2013-05-21T16:50:37+08:00 ] 192.168.11.101 /home/index/reg/
INFO: [ route_check ] --START--
INFO: Run CheckRoute Behavior [ RunTime:0.001127s ]
INFO: [ route_check ] --END-- [ RunTime:0.001304s ]
INFO: [ app_begin ] --START--
INFO: Run CheckLang Behavior [ RunTime:0.001003s ]
INFO: [ app_begin ] --END-- [ RunTime:0.001122s ]

[ 2013-05-21T16:50:37+08:00 ] 192.168.11.101 /home/index/regindex/error/1
INFO: [ route_check ] --START--
INFO: Run CheckRoute Behavior [ RunTime:0.000789s ]
INFO: [ route_check ] --END-- [ RunTime:0.000889s ]
INFO: [ app_begin ] --START--
INFO: Run CheckLang Behavior [ RunTime:0.000663s ]
INFO: [ app_begin ] --END-- [ RunTime:0.000730s ]
INFO: [ view_template ] --START--
INFO: Run LocationTemplate Behavior [ RunTime:0.000326s ]
INFO: [ view_template ] --END-- [ RunTime:0.000391s ]
INFO: [ view_parse ] --START--
NOTIC: [8] Undefined variable: error D:\wamp\www\home\Runtime\Cache\04f5d77c3b56ff048f3f3a757e1f1f68.php 第 67 行.
INFO: Run ParseTemplate Behavior [ RunTime:0.007203s ]
INFO: [ view_parse ] --END-- [ RunTime:0.007275s ]
INFO: [ view_filter ] --START--
INFO: Run ContentReplace Behavior [ RunTime:0.000318s ]
INFO: Run TokenBuild Behavior [ RunTime:0.000313s ]
INFO: Run WriteHtmlCache Behavior [ RunTime:0.000214s ]
INFO: Run ShowRuntime Behavior [ RunTime:0.000392s ]
INFO: [ view_filter ] --END-- [ RunTime:0.001401s ]
INFO: [ view_end ] --START--
INFO: Run ShowPageTrace Behavior [ RunTime:0.000496s ]
INFO: [ view_end ] --END-- [ RunTime:0.000553s ]

[ 2013-05-21T16:50:37+08:00 ] ERR: (ThinkException) 无法加载模块:Public
[ 2013-05-21T16:50:37+08:00 ] 192.168.11.101 /home/index/checkcode/
INFO: [ route_check ] --START--
INFO: Run CheckRoute Behavior [ RunTime:0.000731s ]
INFO: [ route_check ] --END-- [ RunTime:0.000827s ]
INFO: [ app_begin ] --START--
INFO: Run CheckLang Behavior [ RunTime:0.000586s ]
INFO: [ app_begin ] --END-- [ RunTime:0.000660s ]
INFO: [ view_template ] --START--
INFO: Run LocationTemplate Behavior [ RunTime:0.000304s ]
INFO: [ view_template ] --END-- [ RunTime:0.000371s ]
INFO: [ view_parse ] --START--
INFO: Run ParseTemplate Behavior [ RunTime:0.010478s ]
INFO: [ view_parse ] --END-- [ RunTime:0.010612s ]
INFO: [ view_filter ] --START--
INFO: Run ContentReplace Behavior [ RunTime:0.000599s ]
INFO: Run TokenBuild Behavior [ RunTime:0.000415s ]
INFO: Run WriteHtmlCache Behavior [ RunTime:0.000299s ]
INFO: Run ShowRuntime Behavior [ RunTime:0.000473s ]
INFO: [ view_filter ] --END-- [ RunTime:0.002024s ]
INFO: [ view_end ] --START--
INFO: Run ShowPageTrace Behavior [ RunTime:0.000551s ]
INFO: [ view_end ] --END-- [ RunTime:0.000613s ]

[ 2013-05-21T16:50:37+08:00 ] ERR: (ThinkException) 无法加载模块:Favicon
[ 2013-05-21T16:50:40+08:00 ] 192.168.11.101 /home/
INFO: [ app_begin ] --START--
INFO: Run CheckLang Behavior [ RunTime:0.000821s ]
INFO: [ app_begin ] --END-- [ RunTime:0.000940s ]
INFO: [ view_template ] --START--
INFO: Run LocationTemplate Behavior [ RunTime:0.000393s ]
INFO: [ view_template ] --END-- [ RunTime:0.000479s ]
INFO: [ view_parse ] --START--
NOTIC: [8] Undefined variable: name D:\wamp\www\home\Runtime\Cache\2f4fe97b6cc0c77ca24b7f0c1b4979be.php 第 27 行.
NOTIC: [8] Undefined variable: pwd D:\wamp\www\home\Runtime\Cache\2f4fe97b6cc0c77ca24b7f0c1b4979be.php 第 35 行.
NOTIC: [8] Undefined variable: error D:\wamp\www\home\Runtime\Cache\2f4fe97b6cc0c77ca24b7f0c1b4979be.php 第 60 行.
INFO: Run ParseTemplate Behavior [ RunTime:0.008429s ]
INFO: [ view_parse ] --END-- [ RunTime:0.008517s ]
INFO: [ view_filter ] --START--
INFO: Run ContentReplace Behavior [ RunTime:0.000440s ]
INFO: Run TokenBuild Behavior [ RunTime:0.000404s ]
INFO: Run WriteHtmlCache Behavior [ RunTime:0.000266s ]
INFO: Run ShowRuntime Behavior [ RunTime:0.000481s ]
INFO: [ view_filter ] --END-- [ RunTime:0.001804s ]
INFO: [ view_end ] --START--
INFO: Run ShowPageTrace Behavior [ RunTime:0.000621s ]
INFO: [ view_end ] --END-- [ RunTime:0.000695s ]

[ 2013-05-21T16:50:40+08:00 ] 192.168.11.101 /home/index/checkcode/
INFO: [ route_check ] --START--
INFO: Run CheckRoute Behavior [ RunTime:0.000752s ]
INFO: [ route_check ] --END-- [ RunTime:0.000850s ]
INFO: [ app_begin ] --START--
INFO: Run CheckLang Behavior [ RunTime:0.000664s ]
INFO: [ app_begin ] --END-- [ RunTime:0.000750s ]
INFO: [ view_template ] --START--
INFO: Run LocationTemplate Behavior [ RunTime:0.000818s ]
INFO: [ view_template ] --END-- [ RunTime:0.001040s ]
INFO: [ view_parse ] --START--
INFO: Run ParseTemplate Behavior [ RunTime:0.010248s ]
INFO: [ view_parse ] --END-- [ RunTime:0.010410s ]
INFO: [ view_filter ] --START--
INFO: Run ContentReplace Behavior [ RunTime:0.000521s ]
INFO: Run TokenBuild Behavior [ RunTime:0.000371s ]
INFO: Run WriteHtmlCache Behavior [ RunTime:0.000243s ]
INFO: Run ShowRuntime Behavior [ RunTime:0.000437s ]
INFO: [ view_filter ] --END-- [ RunTime:0.001783s ]
INFO: [ view_end ] --START--
INFO: Run ShowPageTrace Behavior [ RunTime:0.000537s ]
INFO: [ view_end ] --END-- [ RunTime:0.000600s ]

[ 2013-05-21T16:50:40+08:00 ] ERR: (ThinkException) 无法加载模块:Favicon
[ 2013-05-21T16:50:56+08:00 ] 192.168.11.101 /home/index/reg/
INFO: [ route_check ] --START--
INFO: Run CheckRoute Behavior [ RunTime:0.000880s ]
INFO: [ route_check ] --END-- [ RunTime:0.001001s ]
INFO: [ app_begin ] --START--
INFO: Run CheckLang Behavior [ RunTime:0.000809s ]
INFO: [ app_begin ] --END-- [ RunTime:0.000891s ]

[ 2013-05-21T16:50:56+08:00 ] 192.168.11.101 /home/index/regindex/error/1
INFO: [ route_check ] --START--
INFO: Run CheckRoute Behavior [ RunTime:0.000948s ]
INFO: [ route_check ] --END-- [ RunTime:0.001066s ]
INFO: [ app_begin ] --START--
INFO: Run CheckLang Behavior [ RunTime:0.000775s ]
INFO: [ app_begin ] --END-- [ RunTime:0.000855s ]
INFO: [ view_template ] --START--
INFO: Run LocationTemplate Behavior [ RunTime:0.000381s ]
INFO: [ view_template ] --END-- [ RunTime:0.000459s ]
INFO: [ view_parse ] --START--
NOTIC: [8] Undefined variable: error D:\wamp\www\home\Runtime\Cache\04f5d77c3b56ff048f3f3a757e1f1f68.php 第 67 行.
INFO: Run ParseTemplate Behavior [ RunTime:0.008781s ]
INFO: [ view_parse ] --END-- [ RunTime:0.008871s ]
INFO: [ view_filter ] --START--
INFO: Run ContentReplace Behavior [ RunTime:0.000394s ]
INFO: Run TokenBuild Behavior [ RunTime:0.000385s ]
INFO: Run WriteHtmlCache Behavior [ RunTime:0.000264s ]
INFO: Run ShowRuntime Behavior [ RunTime:0.000482s ]
INFO: [ view_filter ] --END-- [ RunTime:0.001727s ]
INFO: [ view_end ] --START--
INFO: Run ShowPageTrace Behavior [ RunTime:0.000612s ]
INFO: [ view_end ] --END-- [ RunTime:0.000684s ]

[ 2013-05-21T16:50:56+08:00 ] ERR: (ThinkException) 无法加载模块:Public
[ 2013-05-21T16:50:56+08:00 ] 192.168.11.101 /home/index/checkcode/
INFO: [ route_check ] --START--
INFO: Run CheckRoute Behavior [ RunTime:0.000789s ]
INFO: [ route_check ] --END-- [ RunTime:0.000891s ]
INFO: [ app_begin ] --START--
INFO: Run CheckLang Behavior [ RunTime:0.000623s ]
INFO: [ app_begin ] --END-- [ RunTime:0.000688s ]
INFO: [ view_template ] --START--
INFO: Run LocationTemplate Behavior [ RunTime:0.000317s ]
INFO: [ view_template ] --END-- [ RunTime:0.000382s ]
INFO: [ view_parse ] --START--
INFO: Run ParseTemplate Behavior [ RunTime:0.010482s ]
INFO: [ view_parse ] --END-- [ RunTime:0.010588s ]
INFO: [ view_filter ] --START--
INFO: Run ContentReplace Behavior [ RunTime:0.000430s ]
INFO: Run TokenBuild Behavior [ RunTime:0.000484s ]
INFO: Run WriteHtmlCache Behavior [ RunTime:0.000369s ]
INFO: Run ShowRuntime Behavior [ RunTime:0.000479s ]
INFO: [ view_filter ] --END-- [ RunTime:0.002031s ]
INFO: [ view_end ] --START--
INFO: Run ShowPageTrace Behavior [ RunTime:0.000658s ]
INFO: [ view_end ] --END-- [ RunTime:0.000733s ]

[ 2013-05-21T16:50:56+08:00 ] ERR: (ThinkException) 无法加载模块:Favicon
[ 2013-05-21T16:50:57+08:00 ] 192.168.11.101 /home/
INFO: [ app_begin ] --START--
INFO: Run CheckLang Behavior [ RunTime:0.000752s ]
INFO: [ app_begin ] --END-- [ RunTime:0.000854s ]
INFO: [ view_template ] --START--
INFO: Run LocationTemplate Behavior [ RunTime:0.000382s ]
INFO: [ view_template ] --END-- [ RunTime:0.000465s ]
INFO: [ view_parse ] --START--
NOTIC: [8] Undefined variable: name D:\wamp\www\home\Runtime\Cache\2f4fe97b6cc0c77ca24b7f0c1b4979be.php 第 27 行.
NOTIC: [8] Undefined variable: pwd D:\wamp\www\home\Runtime\Cache\2f4fe97b6cc0c77ca24b7f0c1b4979be.php 第 35 行.
NOTIC: [8] Undefined variable: error D:\wamp\www\home\Runtime\Cache\2f4fe97b6cc0c77ca24b7f0c1b4979be.php 第 60 行.
INFO: Run ParseTemplate Behavior [ RunTime:0.008844s ]
INFO: [ view_parse ] --END-- [ RunTime:0.008933s ]
INFO: [ view_filter ] --START--
INFO: Run ContentReplace Behavior [ RunTime:0.000392s ]
INFO: Run TokenBuild Behavior [ RunTime:0.000396s ]
INFO: Run WriteHtmlCache Behavior [ RunTime:0.000259s ]
INFO: Run ShowRuntime Behavior [ RunTime:0.000481s ]
INFO: [ view_filter ] --END-- [ RunTime:0.001731s ]
INFO: [ view_end ] --START--
INFO: Run ShowPageTrace Behavior [ RunTime:0.000612s ]
INFO: [ view_end ] --END-- [ RunTime:0.000691s ]

[ 2013-05-21T16:50:57+08:00 ] 192.168.11.101 /home/index/checkcode/
INFO: [ route_check ] --START--
INFO: Run CheckRoute Behavior [ RunTime:0.000850s ]
INFO: [ route_check ] --END-- [ RunTime:0.000987s ]
INFO: [ app_begin ] --START--
INFO: Run CheckLang Behavior [ RunTime:0.000808s ]
INFO: [ app_begin ] --END-- [ RunTime:0.000898s ]
INFO: [ view_template ] --START--
INFO: Run LocationTemplate Behavior [ RunTime:0.000566s ]
INFO: [ view_template ] --END-- [ RunTime:0.000695s ]
INFO: [ view_parse ] --START--
INFO: Run ParseTemplate Behavior [ RunTime:0.008930s ]
INFO: [ view_parse ] --END-- [ RunTime:0.009039s ]
INFO: [ view_filter ] --START--
INFO: Run ContentReplace Behavior [ RunTime:0.000383s ]
INFO: Run TokenBuild Behavior [ RunTime:0.000317s ]
INFO: Run WriteHtmlCache Behavior [ RunTime:0.000209s ]
INFO: Run ShowRuntime Behavior [ RunTime:0.000379s ]
INFO: [ view_filter ] --END-- [ RunTime:0.001462s ]
INFO: [ view_end ] --START--
INFO: Run ShowPageTrace Behavior [ RunTime:0.000520s ]
INFO: [ view_end ] --END-- [ RunTime:0.000577s ]

[ 2013-05-21T16:50:57+08:00 ] ERR: (ThinkException) 无法加载模块:Favicon
[ 2013-05-21T16:50:58+08:00 ] 192.168.11.101 /home/index/regindex/
INFO: [ route_check ] --START--
INFO: Run CheckRoute Behavior [ RunTime:0.000743s ]
INFO: [ route_check ] --END-- [ RunTime:0.000861s ]
INFO: [ app_begin ] --START--
INFO: Run CheckLang Behavior [ RunTime:0.000600s ]
INFO: [ app_begin ] --END-- [ RunTime:0.000665s ]
INFO: [ view_template ] --START--
INFO: Run LocationTemplate Behavior [ RunTime:0.000297s ]
INFO: [ view_template ] --END-- [ RunTime:0.000360s ]
INFO: [ view_parse ] --START--
NOTIC: [8] Undefined variable: error D:\wamp\www\home\Runtime\Cache\04f5d77c3b56ff048f3f3a757e1f1f68.php 第 67 行.
INFO: Run ParseTemplate Behavior [ RunTime:0.007991s ]
INFO: [ view_parse ] --END-- [ RunTime:0.008071s ]
INFO: [ view_filter ] --START--
INFO: Run ContentReplace Behavior [ RunTime:0.000347s ]
INFO: Run TokenBuild Behavior [ RunTime:0.000325s ]
INFO: Run WriteHtmlCache Behavior [ RunTime:0.000215s ]
INFO: Run ShowRuntime Behavior [ RunTime:0.000479s ]
INFO: [ view_filter ] --END-- [ RunTime:0.001572s ]
INFO: [ view_end ] --START--
INFO: Run ShowPageTrace Behavior [ RunTime:0.000547s ]
INFO: [ view_end ] --END-- [ RunTime:0.000608s ]

[ 2013-05-21T16:50:58+08:00 ] ERR: (ThinkException) 无法加载模块:Public
[ 2013-05-21T16:50:58+08:00 ] 192.168.11.101 /home/index/checkcode/
INFO: [ route_check ] --START--
INFO: Run CheckRoute Behavior [ RunTime:0.000879s ]
INFO: [ route_check ] --END-- [ RunTime:0.000987s ]
INFO: [ app_begin ] --START--
INFO: Run CheckLang Behavior [ RunTime:0.000622s ]
INFO: [ app_begin ] --END-- [ RunTime:0.000688s ]
INFO: [ view_template ] --START--
INFO: Run LocationTemplate Behavior [ RunTime:0.000298s ]
INFO: [ view_template ] --END-- [ RunTime:0.000363s ]
INFO: [ view_parse ] --START--
INFO: Run ParseTemplate Behavior [ RunTime:0.009509s ]
INFO: [ view_parse ] --END-- [ RunTime:0.009626s ]
INFO: [ view_filter ] --START--
INFO: Run ContentReplace Behavior [ RunTime:0.000521s ]
INFO: Run TokenBuild Behavior [ RunTime:0.000401s ]
INFO: Run WriteHtmlCache Behavior [ RunTime:0.000278s ]
INFO: Run ShowRuntime Behavior [ RunTime:0.000475s ]
INFO: [ view_filter ] --END-- [ RunTime:0.001901s ]
INFO: [ view_end ] --START--
INFO: Run ShowPageTrace Behavior [ RunTime:0.000615s ]
INFO: [ view_end ] --END-- [ RunTime:0.000689s ]

[ 2013-05-21T16:50:58+08:00 ] ERR: (ThinkException) 无法加载模块:Favicon
[ 2013-05-21T16:50:59+08:00 ] 192.168.11.101 /home/
INFO: [ app_begin ] --START--
INFO: Run CheckLang Behavior [ RunTime:0.000942s ]
INFO: [ app_begin ] --END-- [ RunTime:0.001092s ]
INFO: [ view_template ] --START--
INFO: Run LocationTemplate Behavior [ RunTime:0.000480s ]
INFO: [ view_template ] --END-- [ RunTime:0.000606s ]
INFO: [ view_parse ] --START--
NOTIC: [8] Undefined variable: name D:\wamp\www\home\Runtime\Cache\2f4fe97b6cc0c77ca24b7f0c1b4979be.php 第 27 行.
NOTIC: [8] Undefined variable: pwd D:\wamp\www\home\Runtime\Cache\2f4fe97b6cc0c77ca24b7f0c1b4979be.php 第 35 行.
NOTIC: [8] Undefined variable: error D:\wamp\www\home\Runtime\Cache\2f4fe97b6cc0c77ca24b7f0c1b4979be.php 第 60 行.
INFO: Run ParseTemplate Behavior [ RunTime:0.009097s ]
INFO: [ view_parse ] --END-- [ RunTime:0.009189s ]
INFO: [ view_filter ] --START--
INFO: Run ContentReplace Behavior [ RunTime:0.000401s ]
INFO: Run TokenBuild Behavior [ RunTime:0.000394s ]
INFO: Run WriteHtmlCache Behavior [ RunTime:0.000263s ]
INFO: Run ShowRuntime Behavior [ RunTime:0.000477s ]
INFO: [ view_filter ] --END-- [ RunTime:0.001736s ]
INFO: [ view_end ] --START--
INFO: Run ShowPageTrace Behavior [ RunTime:0.000623s ]
INFO: [ view_end ] --END-- [ RunTime:0.000695s ]

[ 2013-05-21T16:51:00+08:00 ] 192.168.11.101 /home/index/checkcode/
INFO: [ route_check ] --START--
INFO: Run CheckRoute Behavior [ RunTime:0.000710s ]
INFO: [ route_check ] --END-- [ RunTime:0.000807s ]
INFO: [ app_begin ] --START--
INFO: Run CheckLang Behavior [ RunTime:0.000600s ]
INFO: [ app_begin ] --END-- [ RunTime:0.000664s ]
INFO: [ view_template ] --START--
INFO: Run LocationTemplate Behavior [ RunTime:0.000318s ]
INFO: [ view_template ] --END-- [ RunTime:0.000385s ]
INFO: [ view_parse ] --START--
INFO: Run ParseTemplate Behavior [ RunTime:0.010825s ]
INFO: [ view_parse ] --END-- [ RunTime:0.010960s ]
INFO: [ view_filter ] --START--
INFO: Run ContentReplace Behavior [ RunTime:0.000485s ]
INFO: Run TokenBuild Behavior [ RunTime:0.000367s ]
INFO: Run WriteHtmlCache Behavior [ RunTime:0.000225s ]
INFO: Run ShowRuntime Behavior [ RunTime:0.000408s ]
INFO: [ view_filter ] --END-- [ RunTime:0.001688s ]
INFO: [ view_end ] --START--
INFO: Run ShowPageTrace Behavior [ RunTime:0.000529s ]
INFO: [ view_end ] --END-- [ RunTime:0.000591s ]

[ 2013-05-21T16:51:00+08:00 ] ERR: (ThinkException) 无法加载模块:Favicon
[ 2013-05-21T16:51:00+08:00 ] 192.168.11.101 /home/index/regindex/
INFO: [ route_check ] --START--
INFO: Run CheckRoute Behavior [ RunTime:0.001071s ]
INFO: [ route_check ] --END-- [ RunTime:0.001223s ]
INFO: [ app_begin ] --START--
INFO: Run CheckLang Behavior [ RunTime:0.000885s ]
INFO: [ app_begin ] --END-- [ RunTime:0.001005s ]
INFO: [ view_template ] --START--
INFO: Run LocationTemplate Behavior [ RunTime:0.000522s ]
INFO: [ view_template ] --END-- [ RunTime:0.000649s ]
INFO: [ view_parse ] --START--
NOTIC: [8] Undefined variable: error D:\wamp\www\home\Runtime\Cache\04f5d77c3b56ff048f3f3a757e1f1f68.php 第 67 行.
INFO: Run ParseTemplate Behavior [ RunTime:0.009387s ]
INFO: [ view_parse ] --END-- [ RunTime:0.009490s ]
INFO: [ view_filter ] --START--
INFO: Run ContentReplace Behavior [ RunTime:0.000409s ]
INFO: Run TokenBuild Behavior [ RunTime:0.000397s ]
INFO: Run WriteHtmlCache Behavior [ RunTime:0.000261s ]
INFO: Run ShowRuntime Behavior [ RunTime:0.000524s ]
INFO: [ view_filter ] --END-- [ RunTime:0.001787s ]
INFO: [ view_end ] --START--
INFO: Run ShowPageTrace Behavior [ RunTime:0.000506s ]
INFO: [ view_end ] --END-- [ RunTime:0.000564s ]

[ 2013-05-21T16:51:00+08:00 ] ERR: (ThinkException) 无法加载模块:Public
[ 2013-05-21T16:51:00+08:00 ] 192.168.11.101 /home/index/checkcode/
INFO: [ route_check ] --START--
INFO: Run CheckRoute Behavior [ RunTime:0.000782s ]
INFO: [ route_check ] --END-- [ RunTime:0.000886s ]
INFO: [ app_begin ] --START--
INFO: Run CheckLang Behavior [ RunTime:0.000745s ]
INFO: [ app_begin ] --END-- [ RunTime:0.000846s ]
INFO: [ view_template ] --START--
INFO: Run LocationTemplate Behavior [ RunTime:0.000709s ]
INFO: [ view_template ] --END-- [ RunTime:0.000883s ]
INFO: [ view_parse ] --START--
INFO: Run ParseTemplate Behavior [ RunTime:0.010049s ]
INFO: [ view_parse ] --END-- [ RunTime:0.010178s ]
INFO: [ view_filter ] --START--
INFO: Run ContentReplace Behavior [ RunTime:0.000376s ]
INFO: Run TokenBuild Behavior [ RunTime:0.000332s ]
INFO: Run WriteHtmlCache Behavior [ RunTime:0.000224s ]
INFO: Run ShowRuntime Behavior [ RunTime:0.000407s ]
INFO: [ view_filter ] --END-- [ RunTime:0.001515s ]
INFO: [ view_end ] --START--
INFO: Run ShowPageTrace Behavior [ RunTime:0.000530s ]
INFO: [ view_end ] --END-- [ RunTime:0.000593s ]

[ 2013-05-21T16:51:01+08:00 ] ERR: (ThinkException) 无法加载模块:Favicon
[ 2013-05-21T16:51:01+08:00 ] 192.168.11.101 /home/
INFO: [ app_begin ] --START--
INFO: Run CheckLang Behavior [ RunTime:0.001147s ]
INFO: [ app_begin ] --END-- [ RunTime:0.001282s ]
INFO: [ view_template ] --START--
INFO: Run LocationTemplate Behavior [ RunTime:0.000535s ]
INFO: [ view_template ] --END-- [ RunTime:0.000655s ]
INFO: [ view_parse ] --START--
NOTIC: [8] Undefined variable: name D:\wamp\www\home\Runtime\Cache\2f4fe97b6cc0c77ca24b7f0c1b4979be.php 第 27 行.
NOTIC: [8] Undefined variable: pwd D:\wamp\www\home\Runtime\Cache\2f4fe97b6cc0c77ca24b7f0c1b4979be.php 第 35 行.
NOTIC: [8] Undefined variable: error D:\wamp\www\home\Runtime\Cache\2f4fe97b6cc0c77ca24b7f0c1b4979be.php 第 60 行.
INFO: Run ParseTemplate Behavior [ RunTime:0.008918s ]
INFO: [ view_parse ] --END-- [ RunTime:0.009013s ]
INFO: [ view_filter ] --START--
INFO: Run ContentReplace Behavior [ RunTime:0.000409s ]
INFO: Run TokenBuild Behavior [ RunTime:0.000393s ]
INFO: Run WriteHtmlCache Behavior [ RunTime:0.000263s ]
INFO: Run ShowRuntime Behavior [ RunTime:0.000481s ]
INFO: [ view_filter ] --END-- [ RunTime:0.001749s ]
INFO: [ view_end ] --START--
INFO: Run ShowPageTrace Behavior [ RunTime:0.000614s ]
INFO: [ view_end ] --END-- [ RunTime:0.000686s ]

[ 2013-05-21T16:51:01+08:00 ] 192.168.11.101 /home/index/checkcode/
INFO: [ route_check ] --START--
INFO: Run CheckRoute Behavior [ RunTime:0.000715s ]
INFO: [ route_check ] --END-- [ RunTime:0.000826s ]
INFO: [ app_begin ] --START--
INFO: Run CheckLang Behavior [ RunTime:0.000599s ]
INFO: [ app_begin ] --END-- [ RunTime:0.000663s ]
INFO: [ view_template ] --START--
INFO: Run LocationTemplate Behavior [ RunTime:0.000296s ]
INFO: [ view_template ] --END-- [ RunTime:0.000370s ]
INFO: [ view_parse ] --START--
INFO: Run ParseTemplate Behavior [ RunTime:0.009515s ]
INFO: [ view_parse ] --END-- [ RunTime:0.009624s ]
INFO: [ view_filter ] --START--
INFO: Run ContentReplace Behavior [ RunTime:0.000409s ]
INFO: Run TokenBuild Behavior [ RunTime:0.000396s ]
INFO: Run WriteHtmlCache Behavior [ RunTime:0.000310s ]
INFO: Run ShowRuntime Behavior [ RunTime:0.000833s ]
INFO: [ view_filter ] --END-- [ RunTime:0.002295s ]
INFO: [ view_end ] --START--
INFO: Run ShowPageTrace Behavior [ RunTime:0.000780s ]
INFO: [ view_end ] --END-- [ RunTime:0.000900s ]

[ 2013-05-21T16:51:01+08:00 ] ERR: (ThinkException) 无法加载模块:Favicon
